[ Mar 24 2015 16:40:07 ] [/var/www/ezpublish/ezpublish_legacy/lib/ezutils/classes/../../../var/cache/ini/transform-083d011d20afbbfd0e2067a9cd047be1.php]
[ Mar 24 2015 16:40:07 ] [var/ezdemo_site/cache/trans/g-urlalias-1350215278-utf-8.ctt.php]
[ Mar 24 2015 16:40:15 ] [/var/www/ezpublish/ezpublish_legacy/lib/ezutils/classes/../../../var/cache/ini/site-9cb0e9631ed265dd09f7291efc783195.php]
[ Mar 24 2015 16:40:17 ] [/var/www/ezpublish/ezpublish_legacy/lib/ezutils/classes/../../../var/cache/ini/site-9cb0e9631ed265dd09f7291efc783195.php]
[ Mar 24 2015 16:40:18 ] [/var/www/ezpublish/ezpublish_legacy/lib/ezutils/classes/../../../var/cache/ini/country-d0b25fd0e88aef257fad3f5e3f576259.php]
[ Mar 24 2015 16:40:19 ] [/var/www/ezpublish/ezpublish_legacy/lib/ezutils/classes/../../../var/cache/ini/shop-d041d1de3cfcb800029732603d1289cf.php]
[ Mar 24 2015 16:40:21 ] [var/ezdemo_site/cache/trans/g-lowercase-635518252-utf-8.ctt.php]
[ Mar 24 2015 16:40:21 ] [/var/www/ezpublish/ezpublish_legacy/lib/ezutils/classes/../../../var/cache/ini/browse-9cad36798ff46a9c3346eec5e86012ad.php]
[ Mar 24 2015 16:40:21 ] [var/ezdemo_site/cache/classattributeidentifiers_d1a0e3812cf9679cc4439513ba8e71cf.php]
[ Mar 24 2015 16:40:21 ] [var/ezdemo_site/cache/trans/g-urlalias_compat-289587731-utf-8.ctt.php]
[ Mar 24 2015 16:40:21 ] [/var/www/ezpublish/ezpublish_legacy/lib/ezutils/classes/../../../var/cache/ini/viewcache-27fc14fff52493a580b0885d7a777cb2.php]
[ Mar 24 2015 16:40:22 ] [var/ezdemo_site/cache/trans/g-search-1924056142-utf-8.ctt.php]
[ Mar 24 2015 16:40:22 ] [/var/www/ezpublish/ezpublish_legacy/lib/ezutils/classes/../../../var/cache/ini/notification-ed0e63692e00f7615235c74ecdcaee35.php]
[ Mar 24 2015 16:40:22 ] [/var/www/ezpublish/ezpublish_legacy/lib/ezutils/classes/../../../var/cache/ini/ezxml-8d5968497d0d06db4b5e462d0b415082.php]
[ Mar 24 2015 16:40:22 ] [/var/www/ezpublish/ezpublish_legacy/lib/ezutils/classes/../../../var/cache/ini/image-061f43bd2501d9986e554ac57d42dd59.php]
[ Mar 24 2015 16:40:22 ] [/var/www/ezpublish/ezpublish_legacy/lib/ezutils/classes/../../../var/cache/ini/mime-a915a6fa8eec8f1145405a0326aeabda.php]
[ Mar 24 2015 16:40:26 ] [/var/www/ezpublish/ezpublish_legacy/lib/ezutils/classes/../../../var/cache/ini/audit-bcb0f5f1caf0dd0fb42800441732b485.php]
[ Mar 24 2015 16:40:29 ] [/var/www/ezpublish/ezpublish_legacy/lib/ezutils/classes/../../../var/cache/ini/binaryfile-9b2905fedcf74af94e9302521d984d0e.php]
[ Mar 24 2015 16:40:30 ] [/var/www/ezpublish/ezpublish_legacy/lib/ezutils/classes/../../../var/cache/ini/menu-409972287bb1cd0a01a3f4f31cd7ac07.php]
[ Mar 24 2015 16:40:31 ] [/var/www/ezpublish/ezpublish_legacy/lib/ezutils/classes/../../../var/cache/ini/override-b273bc2282a1ed186eaf2a34466f24b0.php]
[ Mar 24 2015 16:40:31 ] [/var/www/ezpublish/ezpublish_legacy/lib/ezutils/classes/../../../var/cache/ini/toolbar-640b0c83b6b4f2e4625f3cecc72d4c14.php]
[ Mar 24 2015 16:40:31 ] [/var/www/ezpublish/ezpublish_legacy/lib/ezutils/classes/../../../var/cache/ini/site-47e35424336af3c2b858faec0dfb5832.php]
[ Mar 24 2015 16:40:31 ] [/var/www/ezpublish/ezpublish_legacy/lib/ezutils/classes/../../../var/cache/ini/design-dad815461d1f98f6463ba338a5a4793c.php]
[ Mar 24 2015 16:40:31 ] [/var/www/ezpublish/ezpublish_legacy/lib/ezutils/classes/../../../var/cache/ini/template-10aa81682c991512e89f91668a89d2cd.php]
[ Mar 24 2015 16:40:31 ] [/var/www/ezpublish/ezpublish_legacy/lib/ezutils/classes/../../../var/cache/ini/contentstructuremenu-35dc8acffa58c013fcd7c4eb7908b036.php]
[ Mar 24 2015 16:40:31 ] [/var/www/ezpublish/ezpublish_legacy/lib/ezutils/classes/../../../var/cache/ini/icon-f6f9d972d331f69e3dedae89d5539191.php]
[ Mar 24 2015 16:40:31 ] [var/ezdemo_site/cache/classidentifiers_d1a0e3812cf9679cc4439513ba8e71cf.php]
[ Mar 24 2015 16:40:31 ] [var/ezdemo_site/cache/classattributeidentifiers_d1a0e3812cf9679cc4439513ba8e71cf.php]
[ Mar 24 2015 16:40:32 ] [/var/www/ezpublish/ezpublish_legacy/lib/ezutils/classes/../../../var/cache/ini/workflow-bbdaa9d448c9363def9a30b9af63440d.php]
[ Mar 24 2015 16:40:32 ] [/var/www/ezpublish/ezpublish_legacy/lib/ezutils/classes/../../../var/cache/ini/paymentgateways-6783c224887b73ddeb325fed92dd715b.php]
[ Mar 24 2015 16:40:32 ] [var/ezdemo_site/cache/classattributeidentifiers_d1a0e3812cf9679cc4439513ba8e71cf.php]
[ Mar 24 2015 16:40:32 ] [/var/www/ezpublish/ezpublish_legacy/lib/ezutils/classes/../../../var/cache/ini/site-6e04c778b10cb60e0abf14082394b815.php]
[ Mar 24 2015 16:40:32 ] [/var/www/ezpublish/ezpublish_legacy/lib/ezutils/classes/../../../var/cache/ini/override-bc66611b08f671203a66dcd46f647c46.php]
[ Mar 24 2015 16:40:32 ] [/var/www/ezpublish/ezpublish_legacy/lib/ezutils/classes/../../../var/cache/ini/override-18128e6673d7cc95a2b3c5ebff53b61c.php]
[ Mar 24 2015 16:40:32 ] [/var/www/ezpublish/ezpublish_legacy/lib/ezutils/classes/../../../var/cache/ini/override-5a75b176bf0b67348b4db11112570ea3.php]
[ Mar 24 2015 16:40:32 ] [/var/www/ezpublish/ezpublish_legacy/lib/ezutils/classes/../../../var/cache/ini/override-74ad4ee040d76044d022d3d58f236c64.php]
[ Mar 24 2015 16:40:32 ] [/var/www/ezpublish/ezpublish_legacy/lib/ezutils/classes/../../../var/cache/ini/texttoimage-7d6660b3fd7317be294468d23cb049f7.php]
[ Mar 24 2015 16:40:32 ] [/var/www/ezpublish/ezpublish_legacy/lib/ezutils/classes/../../../var/cache/ini/layout-b5db9a3c69e09c4bd651d71fb240bbdb.php]
[ Mar 24 2015 16:40:32 ] [var/cache//active_extensions_6b075d2427b96c2a4179231e3003c583.php]
[ Mar 24 2015 16:40:32 ] [/var/www/ezpublish/ezpublish_legacy/lib/ezutils/classes/../../../var/cache/ini/override-b273bc2282a1ed186eaf2a34466f24b0.php]
[ Mar 24 2015 16:40:32 ] [/var/www/ezpublish/ezpublish_legacy/lib/ezutils/classes/../../../var/cache/ini/design-569b67ba45ba5f7f63a16bfbd593a298.php]
[ Mar 24 2015 16:40:33 ] [var/ezdemo_site/cache/override/override_8e90b0d63025faec1ef0ecd38da41be2.php]
[ Mar 24 2015 16:40:33 ] [/var/www/ezpublish/ezpublish_legacy/lib/ezutils/classes/../../../var/cache/ini/menu-0f719c2f807694b5d9b3eb82ea307757.php]
[ Mar 24 2015 16:40:33 ] [/var/www/ezpublish/ezpublish_legacy/lib/ezutils/classes/../../../var/cache/ini/site-c1623af31c16fc3ffee5a05097e95dd6.php]
[ Mar 24 2015 16:40:33 ] [/var/www/ezpublish/ezpublish_legacy/lib/ezutils/classes/../../../var/cache/ini/module-216c07934a055d1e40e1dbd133249844.php]
[ Mar 24 2015 16:40:33 ] [var/cache//active_extensions_6b075d2427b96c2a4179231e3003c583.php]
[ Mar 24 2015 16:40:33 ] [/var/www/ezpublish/ezpublish_legacy/lib/ezutils/classes/../../../var/cache/ini/site-6cd0c19565d36f6d4dfbedabb183687e.php]
[ Mar 24 2015 16:40:33 ] [/var/www/ezpublish/ezpublish_legacy/lib/ezutils/classes/../../../var/cache/ini/site-d79b663c628435fb62988b567bfa90ce.php]
[ Mar 24 2015 16:40:33 ] [/var/www/ezpublish/ezpublish_legacy/lib/ezutils/classes/../../../var/cache/ini/site-bed18b75499344ffd6dfcae200a2fb25.php]
[ Mar 24 2015 16:40:33 ] [/var/www/ezpublish/ezpublish_legacy/lib/ezutils/classes/../../../var/cache/ini/site-aa644dfff1560aa80d4d412910c0ed43.php]
[ Mar 24 2015 16:40:33 ] [/var/www/ezpublish/ezpublish_legacy/lib/ezutils/classes/../../../var/cache/ini/site-94955e19f9ac29be6656134de4c2edba.php]
[ Mar 24 2015 16:40:33 ] [/var/www/ezpublish/ezpublish_legacy/lib/ezutils/classes/../../../var/cache/ini/image-890a19ff2624294516cd6b65407d97d3.php]
[ Mar 24 2015 16:40:33 ] [/var/www/ezpublish/ezpublish_legacy/lib/ezutils/classes/../../../var/cache/ini/image-635321e3cd22792862e2792eda59e306.php]
[ Mar 24 2015 16:41:50 ] [/var/www/ezpublish/ezpublish_legacy/lib/ezutils/classes/../../../var/cache/ini/i18n-678d2accc237fa9079b9b3abc491748f.php]
[ Mar 24 2015 16:41:50 ] [/var/www/ezpublish/ezpublish_legacy/lib/ezutils/classes/../../../var/cache/ini/i18n-f7061ade0fe840d15a8c81f654b48eb1.php]
[ Mar 24 2015 16:41:50 ] [/var/www/ezpublish/ezpublish_legacy/lib/ezutils/classes/../../../var/cache/ini/file-33c0d0b2750379ea6bbc0a7c3b47cab4.php]
[ Mar 24 2015 16:41:50 ] [/var/www/ezpublish/ezpublish_legacy/lib/ezutils/classes/../../../var/cache/ini/debug-30b58d57277a91a861853a35747eb10e.php]
[ Mar 24 2015 16:41:50 ] [var/cache//active_extensions_cc0d68df9fdbd60597361f3e50cd409d.php]
[ Mar 24 2015 16:41:50 ] [/var/www/ezpublish/ezpublish_legacy/lib/ezutils/classes/../../../var/cache/ini/site-a082433638016a310208ebcf834aef6e.php]
[ Mar 24 2015 16:41:50 ] [/var/www/ezpublish/ezpublish_legacy/lib/ezutils/classes/../../../var/cache/ini/site-56615a88300a19b8599e850fc897a76d.php]
[ Mar 24 2015 16:41:50 ] [/var/www/ezpublish/ezpublish_legacy/lib/ezutils/classes/../../../var/cache/ini/template-a8389bb9ca859559042c5a7437122528.php]
[ Mar 24 2015 16:41:50 ] [/var/www/ezpublish/ezpublish_legacy/lib/ezutils/classes/../../../var/cache/ini/module-5176c54eb869f4224344016925d024db.php]
[ Mar 24 2015 16:41:51 ] [/var/www/ezpublish/ezpublish_legacy/lib/ezutils/classes/../../../var/cache/ini/debug-026f8cc705cdde2887b986ab8860bbfd.php]
[ Mar 24 2015 16:41:51 ] [/var/www/ezpublish/ezpublish_legacy/lib/ezutils/classes/../../../var/cache/ini/eng-GB-f76f0ae6884d9afb4d4f40f506846c63.php]
[ Mar 24 2015 16:41:51 ] [/var/www/ezpublish/ezpublish_legacy/lib/ezutils/classes/../../../var/cache/ini/override-90a64cf5a2c6022451ec7a9705a77c01.php]
[ Mar 24 2015 16:41:51 ] [/var/www/ezpublish/ezpublish_legacy/lib/ezutils/classes/../../../var/cache/ini/design-d0b6e0e328e1627ed9e5a34931f60d3c.php]
[ Mar 24 2015 16:41:51 ] [/var/www/ezpublish/ezpublish_legacy/lib/ezutils/classes/../../../var/cache/ini/file-c6625707f0e5299a71ab106d6dc4cd51.php]
[ Mar 24 2015 16:41:52 ] [var/ezdemo_site/cache/override/override_4382e472a57a0bee0405673337f4d461.php]
[ Mar 24 2015 16:41:52 ] [var/ezdemo_site/cache/template/compiled/common.php]
[ Mar 24 2015 16:41:52 ] [var/ezdemo_site/cache/template/compiled/login-44e04171cb1ada3e06d090e21a0eb098.php]
[ Mar 24 2015 16:41:52 ] [/var/www/ezpublish/ezpublish_legacy/lib/ezutils/classes/../../../var/cache/ini/menu-754179c2713bf3102e74859d5c5f5bec.php]
[ Mar 24 2015 16:41:53 ] [/var/www/ezpublish/ezpublish_legacy/lib/ezutils/classes/../../../var/cache/ini/site-71d47fba9b114f64e684d49dbdb0bedf.php]
[ Mar 24 2015 16:41:53 ] [/var/www/ezpublish/ezpublish_legacy/lib/ezutils/classes/../../../var/cache/ini/template-d3ef755f8d8795058b27c384389367b0.php]
[ Mar 24 2015 16:41:53 ] [/var/www/ezpublish/ezpublish_legacy/lib/ezutils/classes/../../../var/cache/ini/module-33fafc1925ea90038c68239f18c8b3c1.php]
[ Mar 24 2015 16:41:53 ] [/var/www/ezpublish/ezpublish_legacy/lib/ezutils/classes/../../../var/cache/ini/debug-2a3180e8113f8dda90c070721ddd76cc.php]
[ Mar 24 2015 16:41:53 ] [/var/www/ezpublish/ezpublish_legacy/lib/ezutils/classes/../../../var/cache/ini/eng-GB-c74b63fef7db5b447cd1a64375102228.php]
[ Mar 24 2015 16:41:53 ] [/var/www/ezpublish/ezpublish_legacy/lib/ezutils/classes/../../../var/cache/ini/file-ffd6c8bff973d95c7631616b383c8395.php]
[ Mar 24 2015 16:41:53 ] [var/ezdemo_site/cache/template/compiled/loginpagelayout-ec5c3f57b96ac017e89970ee5f261433.php]
[ Mar 24 2015 16:41:53 ] [var/ezdemo_site/cache/statelimitations_d1a0e3812cf9679cc4439513ba8e71cf.php]
[ Mar 24 2015 16:41:53 ] [var/ezdemo_site/cache/template/compiled/page_head-a2d34cbf58527c122d259c7de3aaf86a.php]
[ Mar 24 2015 16:41:53 ] [var/ezdemo_site/cache/template/compiled/canonical_link-97483fa8c0c030444a4c8ca5c4c98d53.php]
[ Mar 24 2015 16:41:53 ] [var/ezdemo_site/cache/template/compiled/link-7d9bf51b3acb997996bc38adad2b2d67.php]
[ Mar 24 2015 16:41:53 ] [var/ezdemo_site/cache/template/compiled/page_head_style-ba7a6dc304327e3a340ca65d760fff25.php]
[ Mar 24 2015 16:41:53 ] [/var/www/ezpublish/ezpublish_legacy/lib/ezutils/classes/../../../var/cache/ini/ezjscore-2d7079cf22a03d6e57241e85fc822b49.php]
[ Mar 24 2015 16:41:53 ] [var/ezdemo_site/cache/template/compiled/page_head_style_inline-63fc2fe6bdb6f3d5f75b8d5c98368c16.php]
[ Mar 24 2015 16:41:53 ] [var/ezdemo_site/cache/template/compiled/page_head_script-6f9bc76d317b099ec56fbc7e5364c4ed.php]
[ Mar 24 2015 16:41:54 ] [var/ezdemo_site/cache/template/compiled/page_mainarea-d7124427642fe43f0e9a22985e1534d8.php]
[ Mar 24 2015 16:41:54 ] [var/ezdemo_site/cache/template/compiled/page_login_copyright-83b53a6ba272ea8d928a9b67fc3a16b2.php]
[ Mar 24 2015 16:41:57 ] [/var/www/ezpublish/ezpublish_legacy/lib/ezutils/classes/../../../var/cache/ini/menu-68665737450e4549f4e2baf77499e949.php]
[ Mar 24 2015 16:42:05 ] [/var/www/ezpublish/ezpublish_legacy/lib/ezutils/classes/../../../var/cache/ini/content-bf404b7ba6bb73d0d9b005cc3299790e.php]
[ Mar 24 2015 16:42:06 ] [/var/www/ezpublish/ezpublish_legacy/lib/ezutils/classes/../../../var/cache/ini/workflow-f14181a6334859e7ba48ccaae61dc2a9.php]
[ Mar 24 2015 16:42:06 ] [/var/www/ezpublish/ezpublish_legacy/lib/ezutils/classes/../../../var/cache/ini/override-32f08899b5adb10238cd8ef8ae980528.php]
[ Mar 24 2015 16:42:06 ] [/var/www/ezpublish/ezpublish_legacy/lib/ezutils/classes/../../../var/cache/ini/design-3b5f739dcce26ef5d565075893adcda4.php]
[ Mar 24 2015 16:42:06 ] [var/ezdemo_site/cache/override/override_35e124409ff2c5d0c4b770341ccefe21.php]
[ Mar 24 2015 16:42:06 ] [var/ezdemo_site/cache/template/compiled/call_to_action-6d9f9939a3ef0ffab265da5558cd8ef3.php]
[ Mar 24 2015 16:42:06 ] [/var/www/ezpublish/ezpublish_legacy/lib/ezutils/classes/../../../var/cache/ini/ezjscore-14d0575782c1f20363106c75d016ac2c.php]
[ Mar 24 2015 16:42:07 ] [var/ezdemo_site/cache/template/compiled/product-c97162871b8c973a5c6863285c15ecea.php]
[ Mar 24 2015 16:42:07 ] [var/ezdemo_site/cache/template/compiled/ezimage-7e11cf937948cb179b34a24d71e1c0a0.php]
[ Mar 24 2015 16:42:07 ] [/var/www/ezpublish/ezpublish_legacy/lib/ezutils/classes/../../../var/cache/ini/image-1917b602c35873e57d3a4897f9c57450.php]
[ Mar 24 2015 16:42:07 ] [/var/www/ezpublish/ezpublish_legacy/lib/ezutils/classes/../../../var/cache/ini/mime-c76ccb6a754a394a9b208909c0928ce4.php]
[ Mar 24 2015 16:42:08 ] [var/ezdemo_site/cache/template/compiled/tag_cloud-c88249cbad683e8ef4e89b353a66c5ab.php]
[ Mar 24 2015 16:42:08 ] [var/ezdemo_site/cache/template/compiled/tagcloud-f949df13976a9c045b058ab1cb66affb.php]
[ Mar 24 2015 16:42:11 ] [/var/www/ezpublish/ezpublish_legacy/lib/ezutils/classes/../../../var/cache/ini/error-fa9d7bde16482fc1d843dd3f4813c1db.php]
[ Mar 24 2015 16:42:11 ] [/var/www/ezpublish/ezpublish_legacy/lib/ezutils/classes/../../../var/cache/ini/design-241416ef6100a0645abb5648935b7d6f.php]
[ Mar 24 2015 16:42:11 ] [var/ezdemo_site/cache/template/compiled/20-5bbc5f34b5651c098c80521a89bf3f2b.php]
[ Mar 24 2015 16:42:11 ] [/var/www/ezpublish/ezpublish_legacy/lib/ezutils/classes/../../../var/cache/ini/ezjscore-82d5abd97b867589958f749dad7145ec.php]
[ Mar 24 2015 16:42:12 ] [/var/www/ezpublish/ezpublish_legacy/lib/ezutils/classes/../../../var/cache/ini/mime-bcd84f7765630f229236d943e37039ab.php]
[ Mar 24 2015 16:42:14 ] [/var/www/ezpublish/ezpublish_legacy/lib/ezutils/classes/../../../var/cache/ini/image-b02a9f38ba5083acdc54d305e55481ce.php]
[ Mar 24 2015 16:44:03 ] [/var/www/ezpublish/ezpublish_legacy/lib/ezutils/classes/../../../var/cache/ini/site-ef9b22b3c6e2e208c997dc15a4be613b.php]
[ Mar 24 2015 16:44:03 ] [/var/www/ezpublish/ezpublish_legacy/lib/ezutils/classes/../../../var/cache/ini/template-18273cd39dc3bff5b9ae83f6dae6009b.php]
[ Mar 24 2015 16:44:03 ] [/var/www/ezpublish/ezpublish_legacy/lib/ezutils/classes/../../../var/cache/ini/module-5b8d5f62f279ea83f9eb87772259e59b.php]
[ Mar 24 2015 16:44:03 ] [/var/www/ezpublish/ezpublish_legacy/lib/ezutils/classes/../../../var/cache/ini/debug-8d63ec1297d421d63edc5deffd265109.php]
[ Mar 24 2015 16:44:03 ] [/var/www/ezpublish/ezpublish_legacy/lib/ezutils/classes/../../../var/cache/ini/eng-GB-af081e854abb0b2ce59b767066ced22e.php]
[ Mar 24 2015 16:44:03 ] [/var/www/ezpublish/ezpublish_legacy/lib/ezutils/classes/../../../var/cache/ini/file-682aff0c1dfdb6047ac2ffc25a2210e2.php]
[ Mar 24 2015 16:44:03 ] [/var/www/ezpublish/ezpublish_legacy/lib/ezutils/classes/../../../var/cache/ini/menu-2f25531d926c3fdfe989ed0b9c2a3504.php]
[ Mar 24 2015 16:44:03 ] [/var/www/ezpublish/ezpublish_legacy/lib/ezutils/classes/../../../var/cache/ini/content-bdb88a63d1c182264022ac9c2cb5ef09.php]
[ Mar 24 2015 16:44:03 ] [/var/www/ezpublish/ezpublish_legacy/lib/ezutils/classes/../../../var/cache/ini/workflow-b959a1a37a9d76205a1e66f57810bc5f.php]
[ Mar 24 2015 16:44:03 ] [/var/www/ezpublish/ezpublish_legacy/lib/ezutils/classes/../../../var/cache/ini/override-bc87b85ecc7628e3f091a6be18fe93cf.php]
[ Mar 24 2015 16:44:03 ] [/var/www/ezpublish/ezpublish_legacy/lib/ezutils/classes/../../../var/cache/ini/design-8971fdbf9ac05eac7cb9ca05cc814b32.php]
[ Mar 24 2015 16:44:03 ] [var/ezdemo_site/cache/override/override_6ab58bbff66d1b3c45e8abd2850cf80e.php]
[ Mar 24 2015 16:44:03 ] [var/ezdemo_site/cache/template/compiled/call_to_action-32cc8246fc10053490f0ce130ddf21e5.php]
[ Mar 24 2015 16:44:03 ] [/var/www/ezpublish/ezpublish_legacy/lib/ezutils/classes/../../../var/cache/ini/ezjscore-cd171b59144aaf40b99095f586dc1b36.php]
[ Mar 24 2015 16:44:03 ] [var/ezdemo_site/cache/template/compiled/product-539b0e553b1c9f4c405e38d28b759ef0.php]
[ Mar 24 2015 16:44:04 ] [var/ezdemo_site/cache/template/compiled/ezimage-ab6a13c24f451a16d5d77b8523e7b6b7.php]
[ Mar 24 2015 16:44:04 ] [/var/www/ezpublish/ezpublish_legacy/lib/ezutils/classes/../../../var/cache/ini/image-e5815809916bb920da7d840eaefa22b3.php]
[ Mar 24 2015 16:44:04 ] [var/ezdemo_site/cache/template/compiled/tag_cloud-dccd7d715784731fa84988c267398240.php]
[ Mar 24 2015 16:44:04 ] [var/ezdemo_site/cache/template/compiled/tagcloud-6ecd7349ffb2f151a3706ee884037f79.php]
[ Mar 24 2015 16:44:25 ] [/var/www/ezpublish/ezpublish_legacy/lib/ezutils/classes/../../../var/cache/ini/file-49a843fbb600f052a7407d85aa9c5fcf.php]
[ Mar 24 2015 16:44:25 ] [/var/www/ezpublish/ezpublish_legacy/lib/ezutils/classes/../../../var/cache/ini/mime-a50a607c1ca32c281869c13d2af1b1fc.php]
[ Mar 24 2015 16:44:27 ] [/var/www/ezpublish/ezpublish_legacy/lib/ezutils/classes/../../../var/cache/ini/audit-e4de202a5dbf3d3ee99a349610b5ba4d.php]
[ Mar 24 2015 16:44:31 ] [/var/www/ezpublish/ezpublish_legacy/lib/ezutils/classes/../../../var/cache/ini/content-0259eeb632a027d3529ee16aa1c75532.php]
[ Mar 24 2015 16:44:31 ] [/var/www/ezpublish/ezpublish_legacy/lib/ezutils/classes/../../../var/cache/ini/workflow-19a06e655938ffb11911d49dfe1d519f.php]
[ Mar 24 2015 16:44:31 ] [/var/www/ezpublish/ezpublish_legacy/lib/ezutils/classes/../../../var/cache/ini/design-33f4407ceecf91bfd0f4ba8953636618.php]
[ Mar 24 2015 16:44:37 ] [var/ezdemo_site/cache/template/compiled/full-17f683555668a618fb370cb969651ddb.php]
[ Mar 24 2015 16:44:37 ] [var/ezdemo_site/cache/template/compiled/infocollection_validation-4358f9ab71cfccc7024ed768103a30ea.php]
[ Mar 24 2015 16:44:37 ] [/var/www/ezpublish/ezpublish_legacy/lib/ezutils/classes/../../../var/cache/ini/icon-07f0dc2de6c081e05d299209d1dd21ee.php]
[ Mar 24 2015 16:44:37 ] [/var/www/ezpublish/ezpublish_legacy/lib/ezutils/classes/../../../var/cache/ini/icon-02a23ae419e311d6a7947f1f68221c60.php]
[ Mar 24 2015 16:44:37 ] [/var/www/ezpublish/ezpublish_legacy/lib/ezutils/classes/../../../var/cache/ini/icon-662dcb1ed22c386ae2f7641b5383aebb.php]
[ Mar 24 2015 16:44:37 ] [/var/www/ezpublish/ezpublish_legacy/lib/ezutils/classes/../../../var/cache/ini/admininterface-ee897ba13db78858bf0afd5adee61667.php]
[ Mar 24 2015 16:44:37 ] [var/ezdemo_site/cache/template/compiled/window_controls-dcc96e41744c2e1c0bcaa2d693876a89.php]
[ Mar 24 2015 16:44:37 ] [/var/www/ezpublish/ezpublish_legacy/lib/ezutils/classes/../../../var/cache/ini/fre-FR-ba918a123ec0b452cba4a735d71e76ce.php]
[ Mar 24 2015 16:44:37 ] [var/ezdemo_site/cache/template/compiled/window_controls_extratabs-ccc09f5be76d5d3e16c5086deb2c259f.php]
[ Mar 24 2015 16:44:38 ] [var/ezdemo_site/cache/template/compiled/windows-929838a601e92c718f98a79273937f5c.php]
[ Mar 24 2015 16:44:38 ] [var/ezdemo_site/cache/template/compiled/preview-8f59954271e749f069f9cf58f7b683c3.php]
[ Mar 24 2015 16:44:38 ] [var/ezdemo_site/cache/template/compiled/admin_preview-e8a9265942f0700946d8a25a6f8532a5.php]
[ Mar 24 2015 16:44:38 ] [/var/www/ezpublish/ezpublish_legacy/lib/ezutils/classes/../../../var/cache/ini/datatype-5bf0ee017ba1c6988477ee3ec55788b3.php]
[ Mar 24 2015 16:44:38 ] [var/ezdemo_site/cache/template/compiled/ezstring-6ac08e52cd3498d478fb08e24e9688bc.php]
[ Mar 24 2015 16:44:38 ] [var/ezdemo_site/cache/template/compiled/ezpage-f68babffd3a58cf4373164aac1b95992.php]
[ Mar 24 2015 16:44:38 ] [/var/www/ezpublish/ezpublish_legacy/lib/ezutils/classes/../../../var/cache/ini/zone-b78c86ac8acd140a393fe38e4c6cfd55.php]
[ Mar 24 2015 16:44:38 ] [var/ezdemo_site/cache/template/compiled/2zoneslayout1-aab7bd58ed46bcd9f86b1ee038dc196e.php]
[ Mar 24 2015 16:44:39 ] [var/ezdemo_site/cache/template/compiled/zone_block-66cb8a0ff20be2f6db37cce1fe3ef77b.php]
[ Mar 24 2015 16:44:39 ] [var/ezdemo_site/cache/template/compiled/zone_block_top-b554ffcdfa4c77307912d7ee79f7f86f.php]
[ Mar 24 2015 16:44:39 ] [/var/www/ezpublish/ezpublish_legacy/lib/ezutils/classes/../../../var/cache/ini/block-f783003c2f33185d3d07b0f83209d472.php]
[ Mar 24 2015 16:44:39 ] [var/ezdemo_site/cache/template/compiled/view-41d50c8751cf702da32353f975488267.php]
[ Mar 24 2015 16:44:39 ] [var/ezdemo_site/cache/template/compiled/zone_block_bottom-38c86e5a0cc2cee7898300231fa4c7e1.php]
[ Mar 24 2015 16:44:39 ] [var/ezdemo_site/cache/template/compiled/details-914d1e101f8fb6361661625962b6df93.php]
[ Mar 24 2015 16:44:39 ] [var/ezdemo_site/cache/template/compiled/translations-8e738509763c1a8ce3948fac193caa9f.php]
[ Mar 24 2015 16:44:39 ] [var/ezdemo_site/cache/template/compiled/locations-ebfc2b32bff4328d7a48be7042e71cba.php]
[ Mar 24 2015 16:44:39 ] [var/ezdemo_site/cache/template/compiled/relations-a656d3b2f8b10d4b6e1cea7681d39c29.php]
[ Mar 24 2015 16:44:39 ] [var/ezdemo_site/cache/template/compiled/google-1c07b127ceff2e661bfb8ff17cd42902.php]
[ Mar 24 2015 16:44:39 ] [var/ezdemo_site/cache/template/compiled/ordering-c9c12ffd6202dfa57c2c63c84dd287b0.php]
[ Mar 24 2015 16:44:39 ] [var/ezdemo_site/cache/template/compiled/windows_extratabs-da104273c801e1f2e0b7ff6cd0d6de1b.php]
[ Mar 24 2015 16:44:39 ] [var/ezdemo_site/cache/template/compiled/children-4d069043de3250491e117792f46db927.php]
[ Mar 24 2015 16:44:39 ] [var/ezdemo_site/cache/template/compiled/children_detailed-6ae5752d4954fbd1fb3690f8ea9abf43.php]
[ Mar 24 2015 16:44:39 ] [/var/www/ezpublish/ezpublish_legacy/lib/ezutils/classes/../../../var/cache/ini/contentstructuremenu-40bfacd54fbf6f373afe44ba04186135.php]
[ Mar 24 2015 16:44:39 ] [var/ezdemo_site/cache/template/compiled/alphabetical-91d015f692b5b700ec5fd1391427dc9a.php]
[ Mar 24 2015 16:44:40 ] [/var/www/ezpublish/ezpublish_legacy/lib/ezutils/classes/../../../var/cache/ini/menu-cc08255d96b06db469c80e0be7c31761.php]
[ Mar 24 2015 16:44:40 ] [/var/www/ezpublish/ezpublish_legacy/lib/ezutils/classes/../../../var/cache/ini/toolbar-7d463b3f25d33198b3745e86d2ab5b25.php]
[ Mar 24 2015 16:44:40 ] [var/ezdemo_site/cache/template/compiled/pagelayout-ac8e9bb7fb0882e9ef444bd1391c56fe.php]
[ Mar 24 2015 16:44:40 ] [var/ezdemo_site/cache/template/compiled/page_head-04f4f7cc8e9dc536ad7cca48e1fea40e.php]
[ Mar 24 2015 16:44:40 ] [var/ezdemo_site/cache/template/compiled/canonical_link-28634a12f1d8eb846188356b13e468f4.php]
[ Mar 24 2015 16:44:40 ] [var/ezdemo_site/cache/template/compiled/link-cb5e5630d042497c82987f18d2c47f0d.php]
[ Mar 24 2015 16:44:40 ] [var/ezdemo_site/cache/template/compiled/page_head_style-f0bd1ba3e1dedf835b8ead382aec360e.php]
[ Mar 24 2015 16:44:40 ] [/var/www/ezpublish/ezpublish_legacy/lib/ezutils/classes/../../../var/cache/ini/ezjscore-52d81bb988cc569936c12387fc4e07f6.php]
[ Mar 24 2015 16:44:40 ] [var/ezdemo_site/cache/template/compiled/page_head_style_inline-dbe84334f7cd736451d7aaa0a4e9b881.php]
[ Mar 24 2015 16:44:40 ] [var/ezdemo_site/cache/template/compiled/page_head_script-e8d25dfa6c78a23c45e633d8c8107363.php]
[ Mar 24 2015 16:44:41 ] [var/ezdemo_site/cache/template/compiled/page_header-3280a64b46e258d1177320d5d0742fc9.php]
[ Mar 24 2015 16:44:41 ] [var/ezdemo_site/cache/template/compiled/page_search-1d5551f834925f4534cd581329837272.php]
[ Mar 24 2015 16:44:41 ] [var/ezdemo_site/cache/template/compiled/page_topmenu-096971653d07c26aa7bc2da647769d7f.php]
[ Mar 24 2015 16:44:41 ] [var/ezdemo_site/cache/template/compiled/page_topmenuitem-9d068b842fc0582e96f8f41702782a5c.php]
[ Mar 24 2015 16:44:41 ] [var/ezdemo_site/cache/template/compiled/page_leftmenu-0c344a6a29c65c7e99fd66f1813d5b9d.php]
[ Mar 24 2015 16:44:41 ] [var/ezdemo_site/cache/template/compiled/menu-5fbc0b612b2b15af7aebb22074d8e11d.php]
[ Mar 24 2015 16:44:41 ] [var/ezdemo_site/cache/template/compiled/content_structure_menu_dynamic-1ae6cd1fea3429c98e29d8505d87c068.php]
[ Mar 24 2015 16:44:41 ] [var/ezdemo_site/cache/template/compiled/ini_menu-6822c113964581b10b85b1465899720f.php]
[ Mar 24 2015 16:44:41 ] [var/ezdemo_site/cache/template/compiled/page_toppath-97d2d32f2c11aed44964961953b596e7.php]
[ Mar 24 2015 16:44:41 ] [var/ezdemo_site/cache/template/compiled/page_mainarea-86dc8043f42285d91ebbb7c9aca6217f.php]
[ Mar 24 2015 16:44:41 ] [var/ezdemo_site/cache/template/compiled/page_copyright-5a4a6703d0724fe7c1bd4cfb26149201.php]
[ Mar 24 2015 16:44:41 ] [var/ezdemo_site/cache/template/compiled/popup_menu-3f4c5b3f833aa8a7b9c8eced79720e20.php]
[ Mar 24 2015 16:44:41 ] [var/ezdemo_site/cache/template/compiled/popup_context_menu-ecede9edde8eb22ce619dd8e7db6bbdd.php]
[ Mar 24 2015 16:44:41 ] [var/ezdemo_site/cache/template/compiled/oocontextmenu-246bcbfe24a18e1e542255617599d0ce.php]
[ Mar 24 2015 16:44:41 ] [var/ezdemo_site/cache/template/compiled/ezflcontextmenu-ab61c0f264f4e8bf018c4f31b75ad162.php]
[ Mar 24 2015 16:44:41 ] [var/ezdemo_site/cache/template/compiled/ezmucontextmenu-3fcfacf94efea45270c13f817ed3d57a.php]
[ Mar 24 2015 16:44:41 ] [var/ezdemo_site/cache/template/compiled/popup_subitems_menu-2082914b9f7293669eb562e01cdf5352.php]
[ Mar 24 2015 16:44:41 ] [var/ezdemo_site/cache/template/compiled/oosubitemscontextmenu-58d91da266eff65c66b50235d3b06853.php]
[ Mar 24 2015 16:44:41 ] [var/ezdemo_site/cache/template/compiled/ezflsubitemscontextmenu-a79a9e90645b4c925b34799e5e98bd77.php]
[ Mar 24 2015 16:44:41 ] [var/ezdemo_site/cache/template/compiled/ezmusubitemscontextmenu-a6941472c52e3a5fa66c07727e32cec9.php]
[ Mar 24 2015 16:44:42 ] [var/ezdemo_site/cache/template/compiled/popup_class_menu-df00096e2e48e26cbc3f1162b7a01550.php]
[ Mar 24 2015 16:44:42 ] [var/ezdemo_site/cache/template/compiled/popup_bookmark_menu-d21e865dca8a4d88423cfb33347075a8.php]
[ Mar 24 2015 16:44:42 ] [var/ezdemo_site/cache/template/compiled/oocontextsubmenu-c2d2d063e1089ca833213668e1f68b0f.php]
[ Mar 24 2015 16:44:42 ] [var/ezdemo_site/cache/template/compiled/ezflcontextsubmenu-6239ee949fcb5df6518c516b703632d2.php]
[ Mar 24 2015 16:44:42 ] [var/ezdemo_site/cache/template/compiled/popup_tag_menu-3407fcfe337b0204f9a4ea7207fb562f.php]
[ Mar 24 2015 16:44:42 ] [var/ezdemo_site/cache/template/compiled/popup_sub_createhere_menu-2df8836ea3c494ff020a2a24f759e638.php]
[ Mar 24 2015 16:44:42 ] [var/ezdemo_site/cache/template/compiled/popup_sub_edit_menu-06a394d72c7948507fc1e3e51603a241.php]
[ Mar 24 2015 16:44:42 ] [var/ezdemo_site/cache/template/compiled/popup_sub_advance_menu-a2c04243d34d7446ff122f0d4690b91d.php]
[ Mar 24 2015 16:44:42 ] [var/ezdemo_site/cache/template/compiled/popup_sub_editclass_menu-0320e46a59e098332f44ac3aee526994.php]
[ Mar 24 2015 16:44:42 ] [var/ezdemo_site/cache/template/compiled/popup_sub_siteaccess_menus-a5e886e3e56ad7e73e3fdbadea677cd8.php]
[ Mar 24 2015 16:44:43 ] [/var/www/ezpublish/ezpublish_legacy/lib/ezutils/classes/../../../var/cache/ini/template-c6ee29cf29032e5b4d98caef606d8fbd.php]
[ Mar 24 2015 16:44:45 ] [/var/www/ezpublish/ezpublish_legacy/lib/ezutils/classes/../../../var/cache/ini/image-166c2352ff4ddc1a0f67824d373e99ca.php]
[ Mar 24 2015 16:46:59 ] [/var/www/ezpublish/ezpublish_legacy/lib/ezutils/classes/../../../var/cache/ini/design-424c0fbf876fa8e2be074d034fa3d781.php]
[ Mar 24 2015 16:46:59 ] [/var/www/ezpublish/ezpublish_legacy/lib/ezutils/classes/../../../var/cache/ini/ezjscore-b047c71e72800b86fa54127250b8ec8f.php]
[ Mar 24 2015 16:46:59 ] [/var/www/ezpublish/ezpublish_legacy/lib/ezutils/classes/../../../var/cache/ini/image-fbc994fea11ed5ead829c81bdc56060f.php]
[ Mar 24 2015 16:48:35 ] [/var/www/ezpublish/ezpublish_legacy/lib/ezutils/classes/../../../var/cache/ini/texttoimage-d9d38abf155f74e680f782195936e897.php]
[ Mar 24 2015 16:48:35 ] [/var/www/ezpublish/ezpublish_legacy/lib/ezutils/classes/../../../var/cache/ini/file-ffd6c8bff973d95c7631616b383c8395.php]
[ Mar 24 2015 16:48:50 ] [/var/www/ezpublish/ezpublish_legacy/lib/ezutils/classes/../../../var/cache/ini/site-c1623af31c16fc3ffee5a05097e95dd6.php]
[ Mar 24 2015 16:48:50 ] [/var/www/ezpublish/ezpublish_legacy/lib/ezutils/classes/../../../var/cache/ini/i18n-678d2accc237fa9079b9b3abc491748f.php]
[ Mar 24 2015 16:48:50 ] [/var/www/ezpublish/ezpublish_legacy/lib/ezutils/classes/../../../var/cache/ini/file-33c0d0b2750379ea6bbc0a7c3b47cab4.php]
[ Mar 24 2015 16:48:50 ] [/var/www/ezpublish/ezpublish_legacy/lib/ezutils/classes/../../../var/cache/ini/i18n-f7061ade0fe840d15a8c81f654b48eb1.php]
[ Mar 24 2015 16:48:50 ] [/var/www/ezpublish/ezpublish_legacy/lib/ezutils/classes/../../../var/cache/ini/debug-30b58d57277a91a861853a35747eb10e.php]
[ Mar 24 2015 16:48:50 ] [var/cache//active_extensions_cc0d68df9fdbd60597361f3e50cd409d.php]
[ Mar 24 2015 16:48:51 ] [/var/www/ezpublish/ezpublish_legacy/lib/ezutils/classes/../../../var/cache/ini/site-a082433638016a310208ebcf834aef6e.php]
[ Mar 24 2015 16:48:51 ] [/var/www/ezpublish/ezpublish_legacy/lib/ezutils/classes/../../../var/cache/ini/site-71d47fba9b114f64e684d49dbdb0bedf.php]
[ Mar 24 2015 16:48:51 ] [/var/www/ezpublish/ezpublish_legacy/lib/ezutils/classes/../../../var/cache/ini/texttoimage-d9d38abf155f74e680f782195936e897.php]
[ Mar 24 2015 16:48:51 ] [/var/www/ezpublish/ezpublish_legacy/lib/ezutils/classes/../../../var/cache/ini/debug-2a3180e8113f8dda90c070721ddd76cc.php]
[ Mar 24 2015 16:48:51 ] [/var/www/ezpublish/ezpublish_legacy/lib/ezutils/classes/../../../var/cache/ini/file-ffd6c8bff973d95c7631616b383c8395.php]
[ Mar 24 2015 16:51:05 ] [/var/www/ezpublish/ezpublish_legacy/lib/ezutils/classes/../../../var/cache/ini/site-c1623af31c16fc3ffee5a05097e95dd6.php]
[ Mar 24 2015 16:51:05 ] [/var/www/ezpublish/ezpublish_legacy/lib/ezutils/classes/../../../var/cache/ini/i18n-678d2accc237fa9079b9b3abc491748f.php]
[ Mar 24 2015 16:51:05 ] [/var/www/ezpublish/ezpublish_legacy/lib/ezutils/classes/../../../var/cache/ini/i18n-f7061ade0fe840d15a8c81f654b48eb1.php]
[ Mar 24 2015 16:51:05 ] [/var/www/ezpublish/ezpublish_legacy/lib/ezutils/classes/../../../var/cache/ini/file-33c0d0b2750379ea6bbc0a7c3b47cab4.php]
[ Mar 24 2015 16:51:05 ] [/var/www/ezpublish/ezpublish_legacy/lib/ezutils/classes/../../../var/cache/ini/debug-30b58d57277a91a861853a35747eb10e.php]
[ Mar 24 2015 16:51:05 ] [var/cache//active_extensions_cc0d68df9fdbd60597361f3e50cd409d.php]
[ Mar 24 2015 16:51:05 ] [/var/www/ezpublish/ezpublish_legacy/lib/ezutils/classes/../../../var/cache/ini/site-a082433638016a310208ebcf834aef6e.php]
[ Mar 24 2015 16:51:05 ] [/var/www/ezpublish/ezpublish_legacy/lib/ezutils/classes/../../../var/cache/ini/site-ef9b22b3c6e2e208c997dc15a4be613b.php]
[ Mar 24 2015 16:51:05 ] [/var/www/ezpublish/ezpublish_legacy/lib/ezutils/classes/../../../var/cache/ini/template-18273cd39dc3bff5b9ae83f6dae6009b.php]
[ Mar 24 2015 16:51:05 ] [/var/www/ezpublish/ezpublish_legacy/lib/ezutils/classes/../../../var/cache/ini/module-5b8d5f62f279ea83f9eb87772259e59b.php]
[ Mar 24 2015 16:51:05 ] [/var/www/ezpublish/ezpublish_legacy/lib/ezutils/classes/../../../var/cache/ini/debug-8d63ec1297d421d63edc5deffd265109.php]
[ Mar 24 2015 16:51:05 ] [/var/www/ezpublish/ezpublish_legacy/lib/ezutils/classes/../../../var/cache/ini/eng-GB-af081e854abb0b2ce59b767066ced22e.php]
[ Mar 24 2015 16:51:05 ] [/var/www/ezpublish/ezpublish_legacy/lib/ezutils/classes/../../../var/cache/ini/file-682aff0c1dfdb6047ac2ffc25a2210e2.php]
[ Mar 24 2015 16:51:05 ] [var/ezdemo_site/cache/statelimitations_d1a0e3812cf9679cc4439513ba8e71cf.php]
[ Mar 24 2015 16:51:05 ] [/var/www/ezpublish/ezpublish_legacy/lib/ezutils/classes/../../../var/cache/ini/menu-2f25531d926c3fdfe989ed0b9c2a3504.php]
[ Mar 24 2015 16:51:06 ] [/var/www/ezpublish/ezpublish_legacy/lib/ezutils/classes/../../../var/cache/ini/content-bdb88a63d1c182264022ac9c2cb5ef09.php]
[ Mar 24 2015 16:51:06 ] [/var/www/ezpublish/ezpublish_legacy/lib/ezutils/classes/../../../var/cache/ini/workflow-b959a1a37a9d76205a1e66f57810bc5f.php]
[ Mar 24 2015 16:51:06 ] [/var/www/ezpublish/ezpublish_legacy/lib/ezutils/classes/../../../var/cache/ini/override-bc87b85ecc7628e3f091a6be18fe93cf.php]
[ Mar 24 2015 16:51:06 ] [/var/www/ezpublish/ezpublish_legacy/lib/ezutils/classes/../../../var/cache/ini/design-8971fdbf9ac05eac7cb9ca05cc814b32.php]
[ Mar 24 2015 16:51:06 ] [var/ezdemo_site/cache/override/override_6ab58bbff66d1b3c45e8abd2850cf80e.php]
[ Mar 24 2015 16:51:07 ] [var/ezdemo_site/cache/template/compiled/common.php]
[ Mar 24 2015 16:51:07 ] [var/ezdemo_site/cache/template/compiled/call_to_action-32cc8246fc10053490f0ce130ddf21e5.php]
[ Mar 24 2015 16:51:07 ] [/var/www/ezpublish/ezpublish_legacy/lib/ezutils/classes/../../../var/cache/ini/ezjscore-cd171b59144aaf40b99095f586dc1b36.php]
[ Mar 24 2015 16:51:07 ] [var/ezdemo_site/cache/template/compiled/product-539b0e553b1c9f4c405e38d28b759ef0.php]
[ Mar 24 2015 16:51:07 ] [var/ezdemo_site/cache/classidentifiers_d1a0e3812cf9679cc4439513ba8e71cf.php]
[ Mar 24 2015 16:51:07 ] [var/ezdemo_site/cache/template/compiled/ezimage-ab6a13c24f451a16d5d77b8523e7b6b7.php]
[ Mar 24 2015 16:51:07 ] [/var/www/ezpublish/ezpublish_legacy/lib/ezutils/classes/../../../var/cache/ini/image-e5815809916bb920da7d840eaefa22b3.php]
[ Mar 24 2015 16:51:07 ] [/var/www/ezpublish/ezpublish_legacy/lib/ezutils/classes/../../../var/cache/ini/mime-77d38784ec79f6bfd1002c14e3f9dac6.php]
[ Mar 24 2015 16:51:07 ] [var/ezdemo_site/cache/template/compiled/tag_cloud-dccd7d715784731fa84988c267398240.php]
[ Mar 24 2015 16:51:07 ] [var/ezdemo_site/cache/template/compiled/tagcloud-6ecd7349ffb2f151a3706ee884037f79.php]
[ Mar 24 2015 16:51:08 ] [/var/www/ezpublish/ezpublish_legacy/lib/ezutils/classes/../../../var/cache/ini/site-71d47fba9b114f64e684d49dbdb0bedf.php]
[ Mar 24 2015 16:51:08 ] [/var/www/ezpublish/ezpublish_legacy/lib/ezutils/classes/../../../var/cache/ini/template-d3ef755f8d8795058b27c384389367b0.php]
[ Mar 24 2015 16:51:08 ] [/var/www/ezpublish/ezpublish_legacy/lib/ezutils/classes/../../../var/cache/ini/site-71d47fba9b114f64e684d49dbdb0bedf.php]
[ Mar 24 2015 16:51:09 ] [/var/www/ezpublish/ezpublish_legacy/lib/ezutils/classes/../../../var/cache/ini/mime-a50a607c1ca32c281869c13d2af1b1fc.php]
[ Mar 24 2015 16:51:16 ] [/var/www/ezpublish/ezpublish_legacy/lib/ezutils/classes/../../../var/cache/ini/design-424c0fbf876fa8e2be074d034fa3d781.php]
[ Mar 24 2015 16:51:16 ] [var/ezdemo_site/cache/template/compiled/call_to_action-72b8f5d2e1c9b2d6f152d0fc5f597653.php]
[ Mar 24 2015 16:51:16 ] [/var/www/ezpublish/ezpublish_legacy/lib/ezutils/classes/../../../var/cache/ini/ezjscore-b047c71e72800b86fa54127250b8ec8f.php]
[ Mar 24 2015 16:51:16 ] [var/ezdemo_site/cache/template/compiled/product-4785f6cdf50bf13b1b71827e1e386f3d.php]
[ Mar 24 2015 16:51:16 ] [var/ezdemo_site/cache/template/compiled/ezimage-4e87cbcb965792af274871f67ccdbef2.php]
[ Mar 24 2015 16:51:16 ] [/var/www/ezpublish/ezpublish_legacy/lib/ezutils/classes/../../../var/cache/ini/image-fbc994fea11ed5ead829c81bdc56060f.php]
[ Mar 24 2015 16:51:16 ] [var/ezdemo_site/cache/template/compiled/tag_cloud-881e125b4ecbffd075f4503e7d7120e3.php]
[ Mar 24 2015 16:51:16 ] [var/ezdemo_site/cache/template/compiled/tagcloud-dc321227c089f4f005238465c24e6519.php]
[ Mar 24 2015 16:51:25 ] [/var/www/ezpublish/ezpublish_legacy/lib/ezutils/classes/../../../var/cache/ini/site-56615a88300a19b8599e850fc897a76d.php]
[ Mar 24 2015 16:51:25 ] [/var/www/ezpublish/ezpublish_legacy/lib/ezutils/classes/../../../var/cache/ini/template-a8389bb9ca859559042c5a7437122528.php]
[ Mar 24 2015 16:51:25 ] [/var/www/ezpublish/ezpublish_legacy/lib/ezutils/classes/../../../var/cache/ini/module-5176c54eb869f4224344016925d024db.php]
[ Mar 24 2015 16:51:25 ] [/var/www/ezpublish/ezpublish_legacy/lib/ezutils/classes/../../../var/cache/ini/file-49a843fbb600f052a7407d85aa9c5fcf.php]
[ Mar 24 2015 16:51:25 ] [/var/www/ezpublish/ezpublish_legacy/lib/ezutils/classes/../../../var/cache/ini/debug-026f8cc705cdde2887b986ab8860bbfd.php]
[ Mar 24 2015 16:51:25 ] [/var/www/ezpublish/ezpublish_legacy/lib/ezutils/classes/../../../var/cache/ini/eng-GB-f76f0ae6884d9afb4d4f40f506846c63.php]
[ Mar 24 2015 16:51:25 ] [/var/www/ezpublish/ezpublish_legacy/lib/ezutils/classes/../../../var/cache/ini/content-0259eeb632a027d3529ee16aa1c75532.php]
[ Mar 24 2015 16:51:25 ] [/var/www/ezpublish/ezpublish_legacy/lib/ezutils/classes/../../../var/cache/ini/workflow-19a06e655938ffb11911d49dfe1d519f.php]
[ Mar 24 2015 16:51:25 ] [/var/www/ezpublish/ezpublish_legacy/lib/ezutils/classes/../../../var/cache/ini/override-90a64cf5a2c6022451ec7a9705a77c01.php]
[ Mar 24 2015 16:51:25 ] [/var/www/ezpublish/ezpublish_legacy/lib/ezutils/classes/../../../var/cache/ini/design-d0b6e0e328e1627ed9e5a34931f60d3c.php]
[ Mar 24 2015 16:51:25 ] [var/ezdemo_site/cache/override/override_4382e472a57a0bee0405673337f4d461.php]
[ Mar 24 2015 16:51:25 ] [var/ezdemo_site/cache/template/compiled/full-17f683555668a618fb370cb969651ddb.php]
[ Mar 24 2015 16:51:25 ] [var/ezdemo_site/cache/template/compiled/infocollection_validation-4358f9ab71cfccc7024ed768103a30ea.php]
[ Mar 24 2015 16:51:25 ] [/var/www/ezpublish/ezpublish_legacy/lib/ezutils/classes/../../../var/cache/ini/icon-8dd3d77a382478e57f4d501f8dacdfe1.php]
[ Mar 24 2015 16:51:25 ] [/var/www/ezpublish/ezpublish_legacy/lib/ezutils/classes/../../../var/cache/ini/icon-e7301b4a85ab3ec5ab7e9d5baff52a41.php]
[ Mar 24 2015 16:51:25 ] [/var/www/ezpublish/ezpublish_legacy/lib/ezutils/classes/../../../var/cache/ini/icon-8a964f5fc6011e39626199a7e5039456.php]
[ Mar 24 2015 16:51:25 ] [/var/www/ezpublish/ezpublish_legacy/lib/ezutils/classes/../../../var/cache/ini/admininterface-d9fca12b62e43d26d345dc4951329823.php]
[ Mar 24 2015 16:51:25 ] [var/ezdemo_site/cache/template/compiled/window_controls-dcc96e41744c2e1c0bcaa2d693876a89.php]
[ Mar 24 2015 16:51:25 ] [/var/www/ezpublish/ezpublish_legacy/lib/ezutils/classes/../../../var/cache/ini/fre-FR-fe4c605b0ac3214589d5959733b4beb1.php]
[ Mar 24 2015 16:51:25 ] [var/ezdemo_site/cache/template/compiled/window_controls_extratabs-ccc09f5be76d5d3e16c5086deb2c259f.php]
[ Mar 24 2015 16:51:25 ] [var/ezdemo_site/cache/template/compiled/windows-929838a601e92c718f98a79273937f5c.php]
[ Mar 24 2015 16:51:25 ] [var/ezdemo_site/cache/template/compiled/preview-8f59954271e749f069f9cf58f7b683c3.php]
[ Mar 24 2015 16:51:25 ] [var/ezdemo_site/cache/template/compiled/admin_preview-e8a9265942f0700946d8a25a6f8532a5.php]
[ Mar 24 2015 16:51:25 ] [/var/www/ezpublish/ezpublish_legacy/lib/ezutils/classes/../../../var/cache/ini/datatype-94e1eb5ba7de1a3d51124d7ac3d9d1ab.php]
[ Mar 24 2015 16:51:25 ] [var/ezdemo_site/cache/template/compiled/ezstring-6ac08e52cd3498d478fb08e24e9688bc.php]
[ Mar 24 2015 16:51:25 ] [var/ezdemo_site/cache/template/compiled/ezpage-f68babffd3a58cf4373164aac1b95992.php]
[ Mar 24 2015 16:51:25 ] [/var/www/ezpublish/ezpublish_legacy/lib/ezutils/classes/../../../var/cache/ini/zone-88659f37ff7d50195e12a9e684b24397.php]
[ Mar 24 2015 16:51:25 ] [var/ezdemo_site/cache/template/compiled/2zoneslayout1-aab7bd58ed46bcd9f86b1ee038dc196e.php]
[ Mar 24 2015 16:51:25 ] [var/ezdemo_site/cache/template/compiled/zone_block-66cb8a0ff20be2f6db37cce1fe3ef77b.php]
[ Mar 24 2015 16:51:25 ] [var/ezdemo_site/cache/template/compiled/zone_block_top-b554ffcdfa4c77307912d7ee79f7f86f.php]
[ Mar 24 2015 16:51:25 ] [/var/www/ezpublish/ezpublish_legacy/lib/ezutils/classes/../../../var/cache/ini/block-97da9b154faa1cfa67ad1ab789a7b42b.php]
[ Mar 24 2015 16:51:25 ] [var/ezdemo_site/cache/template/compiled/view-41d50c8751cf702da32353f975488267.php]
[ Mar 24 2015 16:51:25 ] [var/ezdemo_site/cache/template/compiled/zone_block_bottom-38c86e5a0cc2cee7898300231fa4c7e1.php]
[ Mar 24 2015 16:51:25 ] [var/ezdemo_site/cache/template/compiled/details-914d1e101f8fb6361661625962b6df93.php]
[ Mar 24 2015 16:51:25 ] [var/ezdemo_site/cache/template/compiled/translations-8e738509763c1a8ce3948fac193caa9f.php]
[ Mar 24 2015 16:51:25 ] [var/ezdemo_site/cache/template/compiled/locations-ebfc2b32bff4328d7a48be7042e71cba.php]
[ Mar 24 2015 16:51:25 ] [var/ezdemo_site/cache/template/compiled/relations-a656d3b2f8b10d4b6e1cea7681d39c29.php]
[ Mar 24 2015 16:51:25 ] [var/ezdemo_site/cache/template/compiled/google-1c07b127ceff2e661bfb8ff17cd42902.php]
[ Mar 24 2015 16:51:25 ] [var/ezdemo_site/cache/template/compiled/ordering-c9c12ffd6202dfa57c2c63c84dd287b0.php]
[ Mar 24 2015 16:51:25 ] [var/ezdemo_site/cache/template/compiled/windows_extratabs-da104273c801e1f2e0b7ff6cd0d6de1b.php]
[ Mar 24 2015 16:51:25 ] [var/ezdemo_site/cache/template/compiled/children-4d069043de3250491e117792f46db927.php]
[ Mar 24 2015 16:51:26 ] [var/ezdemo_site/cache/template/compiled/children_detailed-6ae5752d4954fbd1fb3690f8ea9abf43.php]
[ Mar 24 2015 16:51:26 ] [/var/www/ezpublish/ezpublish_legacy/lib/ezutils/classes/../../../var/cache/ini/contentstructuremenu-a574d2b1050eebaf37ecbf1e55cb987d.php]
[ Mar 24 2015 16:51:26 ] [var/ezdemo_site/cache/template/compiled/alphabetical-91d015f692b5b700ec5fd1391427dc9a.php]
[ Mar 24 2015 16:51:26 ] [/var/www/ezpublish/ezpublish_legacy/lib/ezutils/classes/../../../var/cache/ini/menu-754179c2713bf3102e74859d5c5f5bec.php]
[ Mar 24 2015 16:51:26 ] [/var/www/ezpublish/ezpublish_legacy/lib/ezutils/classes/../../../var/cache/ini/toolbar-4c9ec173ebfc8591ffb3ddbe2560831f.php]
[ Mar 24 2015 16:51:26 ] [var/ezdemo_site/cache/template/compiled/pagelayout-ac8e9bb7fb0882e9ef444bd1391c56fe.php]
[ Mar 24 2015 16:51:26 ] [var/ezdemo_site/cache/template/compiled/page_head-04f4f7cc8e9dc536ad7cca48e1fea40e.php]
[ Mar 24 2015 16:51:26 ] [var/ezdemo_site/cache/template/compiled/canonical_link-28634a12f1d8eb846188356b13e468f4.php]
[ Mar 24 2015 16:51:26 ] [var/ezdemo_site/cache/template/compiled/link-cb5e5630d042497c82987f18d2c47f0d.php]
[ Mar 24 2015 16:51:26 ] [var/ezdemo_site/cache/template/compiled/page_head_style-f0bd1ba3e1dedf835b8ead382aec360e.php]
[ Mar 24 2015 16:51:26 ] [/var/www/ezpublish/ezpublish_legacy/lib/ezutils/classes/../../../var/cache/ini/ezjscore-2d7079cf22a03d6e57241e85fc822b49.php]
[ Mar 24 2015 16:51:26 ] [var/ezdemo_site/cache/template/compiled/page_head_style_inline-dbe84334f7cd736451d7aaa0a4e9b881.php]
[ Mar 24 2015 16:51:26 ] [var/ezdemo_site/cache/template/compiled/page_head_script-e8d25dfa6c78a23c45e633d8c8107363.php]
[ Mar 24 2015 16:51:26 ] [var/ezdemo_site/cache/template/compiled/page_header-3280a64b46e258d1177320d5d0742fc9.php]
[ Mar 24 2015 16:51:26 ] [var/ezdemo_site/cache/template/compiled/page_search-1d5551f834925f4534cd581329837272.php]
[ Mar 24 2015 16:51:26 ] [var/ezdemo_site/cache/template/compiled/page_topmenu-096971653d07c26aa7bc2da647769d7f.php]
[ Mar 24 2015 16:51:26 ] [var/ezdemo_site/cache/template/compiled/page_topmenuitem-9d068b842fc0582e96f8f41702782a5c.php]
[ Mar 24 2015 16:51:26 ] [var/ezdemo_site/cache/template/compiled/page_leftmenu-0c344a6a29c65c7e99fd66f1813d5b9d.php]
[ Mar 24 2015 16:51:26 ] [var/ezdemo_site/cache/template/compiled/menu-5fbc0b612b2b15af7aebb22074d8e11d.php]
[ Mar 24 2015 16:51:26 ] [var/ezdemo_site/cache/template/compiled/content_structure_menu_dynamic-1ae6cd1fea3429c98e29d8505d87c068.php]
[ Mar 24 2015 16:51:26 ] [var/ezdemo_site/cache/template/compiled/ini_menu-6822c113964581b10b85b1465899720f.php]
[ Mar 24 2015 16:51:26 ] [var/ezdemo_site/cache/template/compiled/page_toppath-97d2d32f2c11aed44964961953b596e7.php]
[ Mar 24 2015 16:51:26 ] [var/ezdemo_site/cache/template/compiled/page_mainarea-86dc8043f42285d91ebbb7c9aca6217f.php]
[ Mar 24 2015 16:51:26 ] [var/ezdemo_site/cache/template/compiled/page_copyright-5a4a6703d0724fe7c1bd4cfb26149201.php]
[ Mar 24 2015 16:51:26 ] [var/ezdemo_site/cache/template/compiled/popup_menu-3f4c5b3f833aa8a7b9c8eced79720e20.php]
[ Mar 24 2015 16:51:26 ] [var/ezdemo_site/cache/template/compiled/popup_context_menu-ecede9edde8eb22ce619dd8e7db6bbdd.php]
[ Mar 24 2015 16:51:26 ] [var/ezdemo_site/cache/template/compiled/oocontextmenu-246bcbfe24a18e1e542255617599d0ce.php]
[ Mar 24 2015 16:51:26 ] [var/ezdemo_site/cache/template/compiled/ezflcontextmenu-ab61c0f264f4e8bf018c4f31b75ad162.php]
[ Mar 24 2015 16:51:26 ] [var/ezdemo_site/cache/template/compiled/ezmucontextmenu-3fcfacf94efea45270c13f817ed3d57a.php]
[ Mar 24 2015 16:51:26 ] [var/ezdemo_site/cache/template/compiled/popup_subitems_menu-2082914b9f7293669eb562e01cdf5352.php]
[ Mar 24 2015 16:51:26 ] [var/ezdemo_site/cache/template/compiled/oosubitemscontextmenu-58d91da266eff65c66b50235d3b06853.php]
[ Mar 24 2015 16:51:26 ] [var/ezdemo_site/cache/template/compiled/ezflsubitemscontextmenu-a79a9e90645b4c925b34799e5e98bd77.php]
[ Mar 24 2015 16:51:26 ] [var/ezdemo_site/cache/template/compiled/ezmusubitemscontextmenu-a6941472c52e3a5fa66c07727e32cec9.php]
[ Mar 24 2015 16:51:26 ] [var/ezdemo_site/cache/template/compiled/popup_class_menu-df00096e2e48e26cbc3f1162b7a01550.php]
[ Mar 24 2015 16:51:26 ] [var/ezdemo_site/cache/template/compiled/popup_bookmark_menu-d21e865dca8a4d88423cfb33347075a8.php]
[ Mar 24 2015 16:51:26 ] [var/ezdemo_site/cache/template/compiled/oocontextsubmenu-c2d2d063e1089ca833213668e1f68b0f.php]
[ Mar 24 2015 16:51:26 ] [var/ezdemo_site/cache/template/compiled/ezflcontextsubmenu-6239ee949fcb5df6518c516b703632d2.php]
[ Mar 24 2015 16:51:26 ] [var/ezdemo_site/cache/template/compiled/popup_tag_menu-3407fcfe337b0204f9a4ea7207fb562f.php]
[ Mar 24 2015 16:51:26 ] [var/ezdemo_site/cache/template/compiled/popup_sub_createhere_menu-2df8836ea3c494ff020a2a24f759e638.php]
[ Mar 24 2015 16:51:26 ] [var/ezdemo_site/cache/template/compiled/popup_sub_edit_menu-06a394d72c7948507fc1e3e51603a241.php]
[ Mar 24 2015 16:51:26 ] [var/ezdemo_site/cache/template/compiled/popup_sub_advance_menu-a2c04243d34d7446ff122f0d4690b91d.php]
[ Mar 24 2015 16:51:26 ] [var/ezdemo_site/cache/template/compiled/popup_sub_editclass_menu-0320e46a59e098332f44ac3aee526994.php]
[ Mar 24 2015 16:51:26 ] [var/ezdemo_site/cache/template/compiled/popup_sub_siteaccess_menus-a5e886e3e56ad7e73e3fdbadea677cd8.php]
[ Mar 24 2015 16:51:27 ] [/var/www/ezpublish/ezpublish_legacy/lib/ezutils/classes/../../../var/cache/ini/template-c6ee29cf29032e5b4d98caef606d8fbd.php]
[ Mar 24 2015 16:51:27 ] [/var/www/ezpublish/ezpublish_legacy/lib/ezutils/classes/../../../var/cache/ini/contentstructuremenu-40bfacd54fbf6f373afe44ba04186135.php]
[ Mar 24 2015 16:51:28 ] [/var/www/ezpublish/ezpublish_legacy/lib/ezutils/classes/../../../var/cache/ini/ezjscore-52d81bb988cc569936c12387fc4e07f6.php]
[ Mar 24 2015 16:51:28 ] [/var/www/ezpublish/ezpublish_legacy/lib/ezutils/classes/../../../var/cache/ini/image-166c2352ff4ddc1a0f67824d373e99ca.php]
[ Mar 24 2015 16:51:28 ] [/var/www/ezpublish/ezpublish_legacy/lib/ezutils/classes/../../../var/cache/ini/icon-07f0dc2de6c081e05d299209d1dd21ee.php]
[ Mar 24 2015 16:51:28 ] [/var/www/ezpublish/ezpublish_legacy/lib/ezutils/classes/../../../var/cache/ini/icon-02a23ae419e311d6a7947f1f68221c60.php]
[ Mar 24 2015 16:51:29 ] [/var/www/ezpublish/ezpublish_legacy/lib/ezutils/classes/../../../var/cache/ini/module-33fafc1925ea90038c68239f18c8b3c1.php]
[ Mar 24 2015 16:51:29 ] [/var/www/ezpublish/ezpublish_legacy/lib/ezutils/classes/../../../var/cache/ini/debug-2a3180e8113f8dda90c070721ddd76cc.php]
[ Mar 24 2015 16:51:29 ] [/var/www/ezpublish/ezpublish_legacy/lib/ezutils/classes/../../../var/cache/ini/eng-GB-c74b63fef7db5b447cd1a64375102228.php]
[ Mar 24 2015 16:51:29 ] [/var/www/ezpublish/ezpublish_legacy/lib/ezutils/classes/../../../var/cache/ini/menu-68665737450e4549f4e2baf77499e949.php]
[ Mar 24 2015 16:51:29 ] [/var/www/ezpublish/ezpublish_legacy/lib/ezutils/classes/../../../var/cache/ini/content-bf404b7ba6bb73d0d9b005cc3299790e.php]
[ Mar 24 2015 16:51:29 ] [/var/www/ezpublish/ezpublish_legacy/lib/ezutils/classes/../../../var/cache/ini/workflow-f14181a6334859e7ba48ccaae61dc2a9.php]
[ Mar 24 2015 16:51:29 ] [/var/www/ezpublish/ezpublish_legacy/lib/ezutils/classes/../../../var/cache/ini/override-32f08899b5adb10238cd8ef8ae980528.php]
[ Mar 24 2015 16:51:29 ] [/var/www/ezpublish/ezpublish_legacy/lib/ezutils/classes/../../../var/cache/ini/design-3b5f739dcce26ef5d565075893adcda4.php]
[ Mar 24 2015 16:51:29 ] [var/ezdemo_site/cache/override/override_35e124409ff2c5d0c4b770341ccefe21.php]
[ Mar 24 2015 16:51:29 ] [var/ezdemo_site/cache/template/compiled/call_to_action-7dc8a7056322a50c672e415420801a5d.php]
[ Mar 24 2015 16:51:29 ] [/var/www/ezpublish/ezpublish_legacy/lib/ezutils/classes/../../../var/cache/ini/ezjscore-14d0575782c1f20363106c75d016ac2c.php]
[ Mar 24 2015 16:51:29 ] [var/ezdemo_site/cache/template/compiled/product-87925e81373fe6746edb2ea77ffecb61.php]
[ Mar 24 2015 16:51:29 ] [var/ezdemo_site/cache/template/compiled/ezimage-f9bcec4649fbb91b0703b12d80fa2ddc.php]
[ Mar 24 2015 16:51:29 ] [/var/www/ezpublish/ezpublish_legacy/lib/ezutils/classes/../../../var/cache/ini/image-1917b602c35873e57d3a4897f9c57450.php]
[ Mar 24 2015 16:51:29 ] [var/ezdemo_site/cache/template/compiled/tag_cloud-d70dc0567d15de34b2ed3a489c87bb68.php]
[ Mar 24 2015 16:51:29 ] [var/ezdemo_site/cache/template/compiled/tagcloud-8acb92b3246d57789dee3ccaccf0ee69.php]
[ Mar 24 2015 16:51:31 ] [/var/www/ezpublish/ezpublish_legacy/lib/ezutils/classes/../../../var/cache/ini/mime-bcd84f7765630f229236d943e37039ab.php]
[ Mar 24 2015 16:53:00 ] [/var/www/ezpublish/ezpublish_legacy/lib/ezutils/classes/../../../var/cache/ini/design-241416ef6100a0645abb5648935b7d6f.php]
[ Mar 24 2015 16:53:00 ] [/var/www/ezpublish/ezpublish_legacy/lib/ezutils/classes/../../../var/cache/ini/ezjscore-82d5abd97b867589958f749dad7145ec.php]
[ Mar 24 2015 16:53:00 ] [/var/www/ezpublish/ezpublish_legacy/lib/ezutils/classes/../../../var/cache/ini/image-b02a9f38ba5083acdc54d305e55481ce.php]
[ Mar 24 2015 17:32:01 ] [/var/www/ezpublish/ezpublish_legacy/lib/ezutils/classes/../../../var/cache/ini/error-fa9d7bde16482fc1d843dd3f4813c1db.php]
[ Mar 24 2015 17:32:02 ] [var/ezdemo_site/cache/template/compiled/20-5bbc5f34b5651c098c80521a89bf3f2b.php]
[ Mar 24 2015 17:32:14 ] [var/ezdemo_site/cache/template/compiled/20-8effef6f0129b6dfd69a7f7d693a29ab.php]
[ Mar 24 2015 17:38:17 ] [/var/www/ezpublish/ezpublish_legacy/lib/ezutils/classes/../../../var/cache/ini/texttoimage-d9d38abf155f74e680f782195936e897.php]
[ Mar 24 2015 17:38:17 ] [/var/www/ezpublish/ezpublish_legacy/lib/ezutils/classes/../../../var/cache/ini/file-ffd6c8bff973d95c7631616b383c8395.php]
[ Mar 24 2015 17:41:09 ] [/var/www/ezpublish/ezpublish_legacy/lib/ezutils/classes/../../../var/cache/ini/site-c1623af31c16fc3ffee5a05097e95dd6.php]
[ Mar 24 2015 17:41:09 ] [/var/www/ezpublish/ezpublish_legacy/lib/ezutils/classes/../../../var/cache/ini/i18n-678d2accc237fa9079b9b3abc491748f.php]
[ Mar 24 2015 17:41:09 ] [/var/www/ezpublish/ezpublish_legacy/lib/ezutils/classes/../../../var/cache/ini/file-33c0d0b2750379ea6bbc0a7c3b47cab4.php]
[ Mar 24 2015 17:41:09 ] [/var/www/ezpublish/ezpublish_legacy/lib/ezutils/classes/../../../var/cache/ini/i18n-f7061ade0fe840d15a8c81f654b48eb1.php]
[ Mar 24 2015 17:41:09 ] [/var/www/ezpublish/ezpublish_legacy/lib/ezutils/classes/../../../var/cache/ini/debug-30b58d57277a91a861853a35747eb10e.php]
[ Mar 24 2015 17:41:09 ] [var/cache//active_extensions_cc0d68df9fdbd60597361f3e50cd409d.php]
[ Mar 24 2015 17:41:09 ] [/var/www/ezpublish/ezpublish_legacy/lib/ezutils/classes/../../../var/cache/ini/site-a082433638016a310208ebcf834aef6e.php]
[ Mar 24 2015 17:41:09 ] [/var/www/ezpublish/ezpublish_legacy/lib/ezutils/classes/../../../var/cache/ini/site-71d47fba9b114f64e684d49dbdb0bedf.php]
[ Mar 24 2015 17:41:09 ] [/var/www/ezpublish/ezpublish_legacy/lib/ezutils/classes/../../../var/cache/ini/texttoimage-d9d38abf155f74e680f782195936e897.php]
[ Mar 24 2015 17:41:09 ] [/var/www/ezpublish/ezpublish_legacy/lib/ezutils/classes/../../../var/cache/ini/debug-2a3180e8113f8dda90c070721ddd76cc.php]
[ Mar 24 2015 17:41:09 ] [/var/www/ezpublish/ezpublish_legacy/lib/ezutils/classes/../../../var/cache/ini/file-ffd6c8bff973d95c7631616b383c8395.php]
[ Mar 24 2015 17:43:03 ] [/var/www/ezpublish/ezpublish_legacy/lib/ezutils/classes/../../../var/cache/ini/site-c1623af31c16fc3ffee5a05097e95dd6.php]
[ Mar 24 2015 17:43:03 ] [/var/www/ezpublish/ezpublish_legacy/lib/ezutils/classes/../../../var/cache/ini/i18n-678d2accc237fa9079b9b3abc491748f.php]
[ Mar 24 2015 17:43:03 ] [/var/www/ezpublish/ezpublish_legacy/lib/ezutils/classes/../../../var/cache/ini/file-33c0d0b2750379ea6bbc0a7c3b47cab4.php]
[ Mar 24 2015 17:43:43 ] [/var/www/ezpublish/ezpublish_legacy/lib/ezutils/classes/../../../var/cache/ini/i18n-f7061ade0fe840d15a8c81f654b48eb1.php]
[ Mar 24 2015 17:43:43 ] [/var/www/ezpublish/ezpublish_legacy/lib/ezutils/classes/../../../var/cache/ini/debug-30b58d57277a91a861853a35747eb10e.php]
[ Mar 24 2015 17:43:43 ] [var/cache//active_extensions_6b075d2427b96c2a4179231e3003c583.php]
[ Mar 24 2015 17:43:43 ] [/var/www/ezpublish/ezpublish_legacy/lib/ezutils/classes/../../../var/cache/ini/site-6cd0c19565d36f6d4dfbedabb183687e.php]
[ Mar 24 2015 17:43:43 ] [/var/www/ezpublish/ezpublish_legacy/lib/ezutils/classes/../../../var/cache/ini/site-d79b663c628435fb62988b567bfa90ce.php]
[ Mar 24 2015 17:43:43 ] [/var/www/ezpublish/ezpublish_legacy/lib/ezutils/classes/../../../var/cache/ini/texttoimage-ed3556437678d5a9a66a42e34a8ae5e7.php]
[ Mar 24 2015 17:43:43 ] [/var/www/ezpublish/ezpublish_legacy/lib/ezutils/classes/../../../var/cache/ini/file-90d849c35d1e6b9ecb1e3168f07e8de5.php]
[ Mar 24 2015 17:43:43 ] [/var/www/ezpublish/ezpublish_legacy/lib/ezutils/classes/../../../var/cache/ini/debug-94fb7419e15dd11626afebdb3f51386e.php]
[ Mar 24 2015 17:43:44 ] [/var/www/ezpublish/ezpublish_legacy/lib/ezutils/classes/../../../var/cache/ini/content-9eafc54057e1104e75fa11a420539b3e.php]
[ Mar 24 2015 17:43:44 ] [/var/www/ezpublish/ezpublish_legacy/lib/ezutils/classes/../../../var/cache/ini/image-635321e3cd22792862e2792eda59e306.php]
[ Mar 24 2015 17:44:14 ] [/var/www/ezpublish/ezpublish_legacy/lib/ezutils/classes/../../../var/cache/ini/site-c1623af31c16fc3ffee5a05097e95dd6.php]
[ Mar 24 2015 17:44:14 ] [/var/www/ezpublish/ezpublish_legacy/lib/ezutils/classes/../../../var/cache/ini/i18n-678d2accc237fa9079b9b3abc491748f.php]
[ Mar 24 2015 17:44:14 ] [/var/www/ezpublish/ezpublish_legacy/lib/ezutils/classes/../../../var/cache/ini/i18n-f7061ade0fe840d15a8c81f654b48eb1.php]
[ Mar 24 2015 17:44:14 ] [/var/www/ezpublish/ezpublish_legacy/lib/ezutils/classes/../../../var/cache/ini/file-33c0d0b2750379ea6bbc0a7c3b47cab4.php]
[ Mar 24 2015 17:44:14 ] [/var/www/ezpublish/ezpublish_legacy/lib/ezutils/classes/../../../var/cache/ini/debug-30b58d57277a91a861853a35747eb10e.php]
[ Mar 24 2015 17:44:14 ] [var/cache//active_extensions_cc0d68df9fdbd60597361f3e50cd409d.php]
[ Mar 24 2015 17:44:14 ] [/var/www/ezpublish/ezpublish_legacy/lib/ezutils/classes/../../../var/cache/ini/site-a082433638016a310208ebcf834aef6e.php]
[ Mar 24 2015 17:44:14 ] [/var/www/ezpublish/ezpublish_legacy/lib/ezutils/classes/../../../var/cache/ini/site-ef9b22b3c6e2e208c997dc15a4be613b.php]
[ Mar 24 2015 17:44:14 ] [/var/www/ezpublish/ezpublish_legacy/lib/ezutils/classes/../../../var/cache/ini/template-18273cd39dc3bff5b9ae83f6dae6009b.php]
[ Mar 24 2015 17:44:14 ] [/var/www/ezpublish/ezpublish_legacy/lib/ezutils/classes/../../../var/cache/ini/module-5b8d5f62f279ea83f9eb87772259e59b.php]
[ Mar 24 2015 17:44:14 ] [/var/www/ezpublish/ezpublish_legacy/lib/ezutils/classes/../../../var/cache/ini/debug-8d63ec1297d421d63edc5deffd265109.php]
[ Mar 24 2015 17:44:14 ] [/var/www/ezpublish/ezpublish_legacy/lib/ezutils/classes/../../../var/cache/ini/eng-GB-af081e854abb0b2ce59b767066ced22e.php]
[ Mar 24 2015 17:44:14 ] [/var/www/ezpublish/ezpublish_legacy/lib/ezutils/classes/../../../var/cache/ini/file-682aff0c1dfdb6047ac2ffc25a2210e2.php]
[ Mar 24 2015 17:44:14 ] [var/ezdemo_site/cache/statelimitations_d1a0e3812cf9679cc4439513ba8e71cf.php]
[ Mar 24 2015 17:44:14 ] [/var/www/ezpublish/ezpublish_legacy/lib/ezutils/classes/../../../var/cache/ini/menu-2f25531d926c3fdfe989ed0b9c2a3504.php]
[ Mar 24 2015 17:44:15 ] [/var/www/ezpublish/ezpublish_legacy/lib/ezutils/classes/../../../var/cache/ini/content-bdb88a63d1c182264022ac9c2cb5ef09.php]
[ Mar 24 2015 17:44:15 ] [/var/www/ezpublish/ezpublish_legacy/lib/ezutils/classes/../../../var/cache/ini/workflow-b959a1a37a9d76205a1e66f57810bc5f.php]
[ Mar 24 2015 17:44:15 ] [/var/www/ezpublish/ezpublish_legacy/lib/ezutils/classes/../../../var/cache/ini/override-bc87b85ecc7628e3f091a6be18fe93cf.php]
[ Mar 24 2015 17:44:15 ] [/var/www/ezpublish/ezpublish_legacy/lib/ezutils/classes/../../../var/cache/ini/design-8971fdbf9ac05eac7cb9ca05cc814b32.php]
[ Mar 24 2015 17:44:15 ] [var/ezdemo_site/cache/override/override_6ab58bbff66d1b3c45e8abd2850cf80e.php]
[ Mar 24 2015 17:44:15 ] [var/ezdemo_site/cache/template/compiled/common.php]
[ Mar 24 2015 17:44:15 ] [var/ezdemo_site/cache/template/compiled/call_to_action-72b8f5d2e1c9b2d6f152d0fc5f597653.php]
[ Mar 24 2015 17:44:15 ] [/var/www/ezpublish/ezpublish_legacy/lib/ezutils/classes/../../../var/cache/ini/ezjscore-cd171b59144aaf40b99095f586dc1b36.php]
[ Mar 24 2015 17:44:15 ] [var/ezdemo_site/cache/template/compiled/product-4785f6cdf50bf13b1b71827e1e386f3d.php]
[ Mar 24 2015 17:44:15 ] [var/ezdemo_site/cache/classidentifiers_d1a0e3812cf9679cc4439513ba8e71cf.php]
[ Mar 24 2015 17:44:15 ] [var/ezdemo_site/cache/template/compiled/ezimage-4e87cbcb965792af274871f67ccdbef2.php]
[ Mar 24 2015 17:44:15 ] [/var/www/ezpublish/ezpublish_legacy/lib/ezutils/classes/../../../var/cache/ini/image-e5815809916bb920da7d840eaefa22b3.php]
[ Mar 24 2015 17:44:15 ] [/var/www/ezpublish/ezpublish_legacy/lib/ezutils/classes/../../../var/cache/ini/mime-77d38784ec79f6bfd1002c14e3f9dac6.php]
[ Mar 24 2015 17:44:16 ] [var/ezdemo_site/cache/template/compiled/tag_cloud-881e125b4ecbffd075f4503e7d7120e3.php]
[ Mar 24 2015 17:44:16 ] [var/ezdemo_site/cache/template/compiled/tagcloud-dc321227c089f4f005238465c24e6519.php]
[ Mar 24 2015 17:44:20 ] [/var/www/ezpublish/ezpublish_legacy/lib/ezutils/classes/../../../var/cache/ini/mime-a50a607c1ca32c281869c13d2af1b1fc.php]
[ Mar 24 2015 17:44:22 ] [/var/www/ezpublish/ezpublish_legacy/lib/ezutils/classes/../../../var/cache/ini/error-da8d5d5c87faf0cd8decf4a0c4ed8a78.php]
[ Mar 24 2015 17:44:22 ] [/var/www/ezpublish/ezpublish_legacy/lib/ezutils/classes/../../../var/cache/ini/design-424c0fbf876fa8e2be074d034fa3d781.php]
[ Mar 24 2015 17:44:22 ] [var/ezdemo_site/cache/template/compiled/20-c5b1986ce904cba94c9bd8f7fc834509.php]
[ Mar 24 2015 17:44:22 ] [/var/www/ezpublish/ezpublish_legacy/lib/ezutils/classes/../../../var/cache/ini/ezjscore-b047c71e72800b86fa54127250b8ec8f.php]
[ Mar 24 2015 17:44:50 ] [/var/www/ezpublish/ezpublish_legacy/lib/ezutils/classes/../../../var/cache/ini/site-71d47fba9b114f64e684d49dbdb0bedf.php]
[ Mar 24 2015 17:44:50 ] [/var/www/ezpublish/ezpublish_legacy/lib/ezutils/classes/../../../var/cache/ini/texttoimage-d9d38abf155f74e680f782195936e897.php]
[ Mar 24 2015 17:44:50 ] [/var/www/ezpublish/ezpublish_legacy/lib/ezutils/classes/../../../var/cache/ini/debug-2a3180e8113f8dda90c070721ddd76cc.php]
[ Mar 24 2015 17:44:50 ] [/var/www/ezpublish/ezpublish_legacy/lib/ezutils/classes/../../../var/cache/ini/file-ffd6c8bff973d95c7631616b383c8395.php]
[ Mar 24 2015 17:50:57 ] [/var/www/ezpublish/ezpublish_legacy/lib/ezutils/classes/../../../var/cache/ini/site-c1623af31c16fc3ffee5a05097e95dd6.php]
[ Mar 24 2015 17:50:57 ] [/var/www/ezpublish/ezpublish_legacy/lib/ezutils/classes/../../../var/cache/ini/i18n-678d2accc237fa9079b9b3abc491748f.php]
[ Mar 24 2015 17:50:57 ] [/var/www/ezpublish/ezpublish_legacy/lib/ezutils/classes/../../../var/cache/ini/i18n-f7061ade0fe840d15a8c81f654b48eb1.php]
[ Mar 24 2015 17:50:57 ] [/var/www/ezpublish/ezpublish_legacy/lib/ezutils/classes/../../../var/cache/ini/file-33c0d0b2750379ea6bbc0a7c3b47cab4.php]
[ Mar 24 2015 17:50:58 ] [/var/www/ezpublish/ezpublish_legacy/lib/ezutils/classes/../../../var/cache/ini/debug-30b58d57277a91a861853a35747eb10e.php]
[ Mar 24 2015 17:50:58 ] [var/cache//active_extensions_cc0d68df9fdbd60597361f3e50cd409d.php]
[ Mar 24 2015 17:50:58 ] [/var/www/ezpublish/ezpublish_legacy/lib/ezutils/classes/../../../var/cache/ini/site-a082433638016a310208ebcf834aef6e.php]
[ Mar 24 2015 17:50:58 ] [/var/www/ezpublish/ezpublish_legacy/lib/ezutils/classes/../../../var/cache/ini/site-ef9b22b3c6e2e208c997dc15a4be613b.php]
[ Mar 24 2015 17:50:58 ] [/var/www/ezpublish/ezpublish_legacy/lib/ezutils/classes/../../../var/cache/ini/template-18273cd39dc3bff5b9ae83f6dae6009b.php]
[ Mar 24 2015 17:50:58 ] [/var/www/ezpublish/ezpublish_legacy/lib/ezutils/classes/../../../var/cache/ini/module-5b8d5f62f279ea83f9eb87772259e59b.php]
[ Mar 24 2015 17:50:58 ] [/var/www/ezpublish/ezpublish_legacy/lib/ezutils/classes/../../../var/cache/ini/debug-8d63ec1297d421d63edc5deffd265109.php]
[ Mar 24 2015 17:50:58 ] [/var/www/ezpublish/ezpublish_legacy/lib/ezutils/classes/../../../var/cache/ini/eng-GB-af081e854abb0b2ce59b767066ced22e.php]
[ Mar 24 2015 17:50:58 ] [/var/www/ezpublish/ezpublish_legacy/lib/ezutils/classes/../../../var/cache/ini/file-682aff0c1dfdb6047ac2ffc25a2210e2.php]
[ Mar 24 2015 17:50:58 ] [/var/www/ezpublish/ezpublish_legacy/lib/ezutils/classes/../../../var/cache/ini/error-da8d5d5c87faf0cd8decf4a0c4ed8a78.php]
[ Mar 24 2015 17:50:58 ] [/var/www/ezpublish/ezpublish_legacy/lib/ezutils/classes/../../../var/cache/ini/override-bc87b85ecc7628e3f091a6be18fe93cf.php]
[ Mar 24 2015 17:50:58 ] [/var/www/ezpublish/ezpublish_legacy/lib/ezutils/classes/../../../var/cache/ini/design-8971fdbf9ac05eac7cb9ca05cc814b32.php]
[ Mar 24 2015 17:50:58 ] [var/ezdemo_site/cache/override/override_6ab58bbff66d1b3c45e8abd2850cf80e.php]
[ Mar 24 2015 17:50:58 ] [var/ezdemo_site/cache/template/compiled/common.php]
[ Mar 24 2015 17:50:58 ] [var/ezdemo_site/cache/template/compiled/20-c5b1986ce904cba94c9bd8f7fc834509.php]
[ Mar 24 2015 17:50:58 ] [/var/www/ezpublish/ezpublish_legacy/lib/ezutils/classes/../../../var/cache/ini/ezjscore-cd171b59144aaf40b99095f586dc1b36.php]
[ Mar 24 2015 17:50:58 ] [var/ezdemo_site/cache/statelimitations_d1a0e3812cf9679cc4439513ba8e71cf.php]
[ Mar 24 2015 17:50:58 ] [/var/www/ezpublish/ezpublish_legacy/lib/ezutils/classes/../../../var/cache/ini/menu-53c988097ff690c242de9ce3b32271ad.php]
[ Mar 24 2015 17:51:04 ] [/var/www/ezpublish/ezpublish_legacy/lib/ezutils/classes/../../../var/cache/ini/site-71d47fba9b114f64e684d49dbdb0bedf.php]
[ Mar 24 2015 17:51:04 ] [/var/www/ezpublish/ezpublish_legacy/lib/ezutils/classes/../../../var/cache/ini/template-d3ef755f8d8795058b27c384389367b0.php]
[ Mar 24 2015 17:51:04 ] [/var/www/ezpublish/ezpublish_legacy/lib/ezutils/classes/../../../var/cache/ini/module-33fafc1925ea90038c68239f18c8b3c1.php]
[ Mar 24 2015 17:51:04 ] [/var/www/ezpublish/ezpublish_legacy/lib/ezutils/classes/../../../var/cache/ini/debug-2a3180e8113f8dda90c070721ddd76cc.php]
[ Mar 24 2015 17:51:04 ] [/var/www/ezpublish/ezpublish_legacy/lib/ezutils/classes/../../../var/cache/ini/eng-GB-c74b63fef7db5b447cd1a64375102228.php]
[ Mar 24 2015 17:51:04 ] [/var/www/ezpublish/ezpublish_legacy/lib/ezutils/classes/../../../var/cache/ini/error-fa9d7bde16482fc1d843dd3f4813c1db.php]
[ Mar 24 2015 17:51:04 ] [/var/www/ezpublish/ezpublish_legacy/lib/ezutils/classes/../../../var/cache/ini/override-32f08899b5adb10238cd8ef8ae980528.php]
[ Mar 24 2015 17:51:04 ] [/var/www/ezpublish/ezpublish_legacy/lib/ezutils/classes/../../../var/cache/ini/design-3b5f739dcce26ef5d565075893adcda4.php]
[ Mar 24 2015 17:51:04 ] [var/ezdemo_site/cache/override/override_35e124409ff2c5d0c4b770341ccefe21.php]
[ Mar 24 2015 17:51:04 ] [var/ezdemo_site/cache/template/compiled/20-5bbc5f34b5651c098c80521a89bf3f2b.php]
[ Mar 24 2015 17:51:04 ] [/var/www/ezpublish/ezpublish_legacy/lib/ezutils/classes/../../../var/cache/ini/ezjscore-14d0575782c1f20363106c75d016ac2c.php]
[ Mar 24 2015 17:51:04 ] [/var/www/ezpublish/ezpublish_legacy/lib/ezutils/classes/../../../var/cache/ini/menu-3cbfeeb7f6ba271c98716261ead0f6ad.php]
[ Mar 24 2015 17:51:12 ] [/var/www/ezpublish/ezpublish_legacy/lib/ezutils/classes/../../../var/cache/ini/menu-68665737450e4549f4e2baf77499e949.php]
[ Mar 24 2015 17:51:13 ] [/var/www/ezpublish/ezpublish_legacy/lib/ezutils/classes/../../../var/cache/ini/content-bf404b7ba6bb73d0d9b005cc3299790e.php]
[ Mar 24 2015 17:51:13 ] [/var/www/ezpublish/ezpublish_legacy/lib/ezutils/classes/../../../var/cache/ini/workflow-f14181a6334859e7ba48ccaae61dc2a9.php]
[ Mar 24 2015 17:51:13 ] [/var/www/ezpublish/ezpublish_legacy/lib/ezutils/classes/../../../var/cache/ini/design-241416ef6100a0645abb5648935b7d6f.php]
[ Mar 24 2015 17:51:13 ] [var/ezdemo_site/cache/template/compiled/call_to_action-7dc8a7056322a50c672e415420801a5d.php]
[ Mar 24 2015 17:51:13 ] [/var/www/ezpublish/ezpublish_legacy/lib/ezutils/classes/../../../var/cache/ini/ezjscore-82d5abd97b867589958f749dad7145ec.php]
[ Mar 24 2015 17:51:13 ] [var/ezdemo_site/cache/template/compiled/product-87925e81373fe6746edb2ea77ffecb61.php]
[ Mar 24 2015 17:51:13 ] [var/ezdemo_site/cache/classidentifiers_d1a0e3812cf9679cc4439513ba8e71cf.php]
[ Mar 24 2015 17:51:13 ] [var/ezdemo_site/cache/template/compiled/ezimage-f9bcec4649fbb91b0703b12d80fa2ddc.php]
[ Mar 24 2015 17:51:13 ] [/var/www/ezpublish/ezpublish_legacy/lib/ezutils/classes/../../../var/cache/ini/image-b02a9f38ba5083acdc54d305e55481ce.php]
[ Mar 24 2015 17:51:13 ] [/var/www/ezpublish/ezpublish_legacy/lib/ezutils/classes/../../../var/cache/ini/mime-bcd84f7765630f229236d943e37039ab.php]
[ Mar 24 2015 17:51:13 ] [var/ezdemo_site/cache/template/compiled/tag_cloud-d70dc0567d15de34b2ed3a489c87bb68.php]
[ Mar 24 2015 17:51:13 ] [var/ezdemo_site/cache/template/compiled/tagcloud-8acb92b3246d57789dee3ccaccf0ee69.php]
[ Mar 24 2015 17:57:59 ] [var/ezdemo_site/cache/template/compiled/call_to_action-aa99b4d4b65c6f7959dad822c61c4df6.php]
[ Mar 24 2015 17:58:00 ] [var/ezdemo_site/cache/template/compiled/product-5fa7afd4a915e30f68f79f7c84078906.php]
[ Mar 24 2015 17:58:00 ] [var/ezdemo_site/cache/template/compiled/ezimage-3f84e035780cf1eba304bef7262f5f5f.php]
[ Mar 24 2015 17:58:01 ] [var/ezdemo_site/cache/template/compiled/tag_cloud-ab61837b3b121b219046875238344c72.php]
[ Mar 24 2015 17:58:01 ] [var/ezdemo_site/cache/template/compiled/tagcloud-43ced472daf405c6568340dff976d140.php]
[ Mar 24 2015 17:58:14 ] [var/ezdemo_site/cache/template/compiled/20-474007b39a4add9b5afb41a544987e6a.php]
[ Mar 24 2015 18:07:39 ] [/var/www/ezpublish/ezpublish_legacy/lib/ezutils/classes/../../../var/cache/ini/websitetoolbar-25a97590b56664a2cca541d70b89269e.php]
[ Mar 24 2015 18:07:39 ] [var/ezdemo_site/cache/template/compiled/website_toolbar-68c4a52619715c83066c2a71eef95f70.php]
[ Mar 24 2015 18:07:40 ] [var/ezdemo_site/cache/template/compiled/logo-e27488a03943fcb0d7714c6d85bf0952.php]
[ Mar 24 2015 18:07:40 ] [var/ezdemo_site/cache/template/compiled/object_states-896ca813869ce0443ea6eed54cb70ffe.php]
[ Mar 24 2015 18:07:40 ] [var/ezdemo_site/cache/template/compiled/link-c2daf1ab69854b1d4139a5f542c8df22.php]
[ Mar 24 2015 18:07:40 ] [/var/www/ezpublish/ezpublish_legacy/lib/ezutils/classes/../../../var/cache/ini/timeline-1cbbd7171005d87a3c51791fb3c686c3.php]
[ Mar 24 2015 18:07:40 ] [var/ezdemo_site/cache/template/compiled/timeline-9ebd4b1c0bdbaaad059fcd1438fb9459.php]
[ Mar 24 2015 18:07:40 ] [var/ezdemo_site/cache/template/compiled/push-834dfc6872ec1e6ecca8b2e286723921.php]
[ Mar 24 2015 18:07:40 ] [var/ezdemo_site/cache/template/compiled/rss-4236fa577e1774295c8ec1c4ad413595.php]
[ Mar 24 2015 18:07:40 ] [/var/www/ezpublish/ezpublish_legacy/lib/ezutils/classes/../../../var/cache/ini/ezmultiupload-3d2ecb6a997850156cd109f20bce1115.php]
[ Mar 24 2015 18:07:40 ] [var/ezdemo_site/cache/template/compiled/ezmultiupload-c2e062b7878856f2dd83d4091da45a50.php]
[ Mar 24 2015 18:07:40 ] [var/ezdemo_site/cache/template/compiled/help-607ec93be3df12371449b347a050687e.php]
[ Mar 24 2015 18:07:40 ] [var/ezdemo_site/cache/template/compiled/floating_toolbar-fac1b5af2b39ffb8049ec8e13e06f7af.php]
[ Mar 24 2015 18:09:53 ] [/var/www/ezpublish/ezpublish_legacy/lib/ezutils/classes/../../../var/cache/ini/texttoimage-d9d38abf155f74e680f782195936e897.php]
[ Mar 24 2015 18:09:54 ] [/var/www/ezpublish/ezpublish_legacy/lib/ezutils/classes/../../../var/cache/ini/file-ffd6c8bff973d95c7631616b383c8395.php]
[ Mar 24 2015 18:10:36 ] [/var/www/ezpublish/ezpublish_legacy/lib/ezutils/classes/../../../var/cache/ini/site-c1623af31c16fc3ffee5a05097e95dd6.php]
[ Mar 24 2015 18:10:36 ] [/var/www/ezpublish/ezpublish_legacy/lib/ezutils/classes/../../../var/cache/ini/i18n-678d2accc237fa9079b9b3abc491748f.php]
[ Mar 24 2015 18:10:36 ] [/var/www/ezpublish/ezpublish_legacy/lib/ezutils/classes/../../../var/cache/ini/file-33c0d0b2750379ea6bbc0a7c3b47cab4.php]
[ Mar 24 2015 18:10:36 ] [/var/www/ezpublish/ezpublish_legacy/lib/ezutils/classes/../../../var/cache/ini/i18n-f7061ade0fe840d15a8c81f654b48eb1.php]
[ Mar 24 2015 18:10:36 ] [/var/www/ezpublish/ezpublish_legacy/lib/ezutils/classes/../../../var/cache/ini/debug-30b58d57277a91a861853a35747eb10e.php]
[ Mar 24 2015 18:10:37 ] [var/cache//active_extensions_cc0d68df9fdbd60597361f3e50cd409d.php]
[ Mar 24 2015 18:10:38 ] [/var/www/ezpublish/ezpublish_legacy/lib/ezutils/classes/../../../var/cache/ini/site-a082433638016a310208ebcf834aef6e.php]
[ Mar 24 2015 18:10:38 ] [/var/www/ezpublish/ezpublish_legacy/lib/ezutils/classes/../../../var/cache/ini/site-71d47fba9b114f64e684d49dbdb0bedf.php]
[ Mar 24 2015 18:10:38 ] [/var/www/ezpublish/ezpublish_legacy/lib/ezutils/classes/../../../var/cache/ini/texttoimage-d9d38abf155f74e680f782195936e897.php]
[ Mar 24 2015 18:10:38 ] [/var/www/ezpublish/ezpublish_legacy/lib/ezutils/classes/../../../var/cache/ini/debug-2a3180e8113f8dda90c070721ddd76cc.php]
[ Mar 24 2015 18:10:38 ] [/var/www/ezpublish/ezpublish_legacy/lib/ezutils/classes/../../../var/cache/ini/file-ffd6c8bff973d95c7631616b383c8395.php]
[ Mar 24 2015 18:11:02 ] [/var/www/ezpublish/ezpublish_legacy/lib/ezutils/classes/../../../var/cache/ini/site-c1623af31c16fc3ffee5a05097e95dd6.php]
[ Mar 24 2015 18:11:02 ] [/var/www/ezpublish/ezpublish_legacy/lib/ezutils/classes/../../../var/cache/ini/i18n-678d2accc237fa9079b9b3abc491748f.php]
[ Mar 24 2015 18:11:02 ] [/var/www/ezpublish/ezpublish_legacy/lib/ezutils/classes/../../../var/cache/ini/file-33c0d0b2750379ea6bbc0a7c3b47cab4.php]
[ Mar 24 2015 18:11:02 ] [/var/www/ezpublish/ezpublish_legacy/lib/ezutils/classes/../../../var/cache/ini/i18n-f7061ade0fe840d15a8c81f654b48eb1.php]
[ Mar 24 2015 18:11:02 ] [/var/www/ezpublish/ezpublish_legacy/lib/ezutils/classes/../../../var/cache/ini/debug-30b58d57277a91a861853a35747eb10e.php]
[ Mar 24 2015 18:11:02 ] [var/cache//active_extensions_cc0d68df9fdbd60597361f3e50cd409d.php]
[ Mar 24 2015 18:11:02 ] [/var/www/ezpublish/ezpublish_legacy/lib/ezutils/classes/../../../var/cache/ini/site-a082433638016a310208ebcf834aef6e.php]
[ Mar 24 2015 18:11:02 ] [/var/www/ezpublish/ezpublish_legacy/lib/ezutils/classes/../../../var/cache/ini/site-71d47fba9b114f64e684d49dbdb0bedf.php]
[ Mar 24 2015 18:11:02 ] [/var/www/ezpublish/ezpublish_legacy/lib/ezutils/classes/../../../var/cache/ini/texttoimage-d9d38abf155f74e680f782195936e897.php]
[ Mar 24 2015 18:11:02 ] [/var/www/ezpublish/ezpublish_legacy/lib/ezutils/classes/../../../var/cache/ini/debug-2a3180e8113f8dda90c070721ddd76cc.php]
[ Mar 24 2015 18:11:02 ] [/var/www/ezpublish/ezpublish_legacy/lib/ezutils/classes/../../../var/cache/ini/file-ffd6c8bff973d95c7631616b383c8395.php]
[ Mar 24 2015 18:11:17 ] [/var/www/ezpublish/ezpublish_legacy/lib/ezutils/classes/../../../var/cache/ini/site-c1623af31c16fc3ffee5a05097e95dd6.php]
[ Mar 24 2015 18:11:17 ] [/var/www/ezpublish/ezpublish_legacy/lib/ezutils/classes/../../../var/cache/ini/i18n-678d2accc237fa9079b9b3abc491748f.php]
[ Mar 24 2015 18:11:17 ] [/var/www/ezpublish/ezpublish_legacy/lib/ezutils/classes/../../../var/cache/ini/file-33c0d0b2750379ea6bbc0a7c3b47cab4.php]
[ Mar 24 2015 18:11:17 ] [/var/www/ezpublish/ezpublish_legacy/lib/ezutils/classes/../../../var/cache/ini/i18n-f7061ade0fe840d15a8c81f654b48eb1.php]
[ Mar 24 2015 18:11:17 ] [/var/www/ezpublish/ezpublish_legacy/lib/ezutils/classes/../../../var/cache/ini/debug-30b58d57277a91a861853a35747eb10e.php]
[ Mar 24 2015 18:11:17 ] [/var/www/ezpublish/ezpublish_legacy/lib/ezutils/classes/../../../var/cache/ini/site-a082433638016a310208ebcf834aef6e.php]
[ Mar 24 2015 18:11:17 ] [/var/www/ezpublish/ezpublish_legacy/lib/ezutils/classes/../../../var/cache/ini/site-71d47fba9b114f64e684d49dbdb0bedf.php]
[ Mar 24 2015 18:11:17 ] [/var/www/ezpublish/ezpublish_legacy/lib/ezutils/classes/../../../var/cache/ini/texttoimage-d9d38abf155f74e680f782195936e897.php]
[ Mar 24 2015 18:11:17 ] [/var/www/ezpublish/ezpublish_legacy/lib/ezutils/classes/../../../var/cache/ini/debug-2a3180e8113f8dda90c070721ddd76cc.php]
[ Mar 24 2015 18:11:17 ] [/var/www/ezpublish/ezpublish_legacy/lib/ezutils/classes/../../../var/cache/ini/file-ffd6c8bff973d95c7631616b383c8395.php]
[ Mar 24 2015 18:11:57 ] [/var/www/ezpublish/ezpublish_legacy/lib/ezutils/classes/../../../var/cache/ini/site-c1623af31c16fc3ffee5a05097e95dd6.php]
[ Mar 24 2015 18:11:57 ] [/var/www/ezpublish/ezpublish_legacy/lib/ezutils/classes/../../../var/cache/ini/i18n-678d2accc237fa9079b9b3abc491748f.php]
[ Mar 24 2015 18:11:57 ] [/var/www/ezpublish/ezpublish_legacy/lib/ezutils/classes/../../../var/cache/ini/file-33c0d0b2750379ea6bbc0a7c3b47cab4.php]
[ Mar 24 2015 18:11:57 ] [/var/www/ezpublish/ezpublish_legacy/lib/ezutils/classes/../../../var/cache/ini/i18n-f7061ade0fe840d15a8c81f654b48eb1.php]
[ Mar 24 2015 18:11:57 ] [/var/www/ezpublish/ezpublish_legacy/lib/ezutils/classes/../../../var/cache/ini/debug-30b58d57277a91a861853a35747eb10e.php]
[ Mar 24 2015 18:11:57 ] [var/cache//active_extensions_cc0d68df9fdbd60597361f3e50cd409d.php]
[ Mar 24 2015 18:11:57 ] [/var/www/ezpublish/ezpublish_legacy/lib/ezutils/classes/../../../var/cache/ini/site-a082433638016a310208ebcf834aef6e.php]
[ Mar 24 2015 18:11:57 ] [/var/www/ezpublish/ezpublish_legacy/lib/ezutils/classes/../../../var/cache/ini/site-71d47fba9b114f64e684d49dbdb0bedf.php]
[ Mar 24 2015 18:11:57 ] [/var/www/ezpublish/ezpublish_legacy/lib/ezutils/classes/../../../var/cache/ini/texttoimage-d9d38abf155f74e680f782195936e897.php]
[ Mar 24 2015 18:11:57 ] [/var/www/ezpublish/ezpublish_legacy/lib/ezutils/classes/../../../var/cache/ini/debug-2a3180e8113f8dda90c070721ddd76cc.php]
[ Mar 24 2015 18:11:57 ] [/var/www/ezpublish/ezpublish_legacy/lib/ezutils/classes/../../../var/cache/ini/file-ffd6c8bff973d95c7631616b383c8395.php]
[ Mar 24 2015 18:16:37 ] [/var/www/ezpublish/ezpublish_legacy/lib/ezutils/classes/../../../var/cache/ini/site-c1623af31c16fc3ffee5a05097e95dd6.php]
[ Mar 24 2015 18:16:37 ] [/var/www/ezpublish/ezpublish_legacy/lib/ezutils/classes/../../../var/cache/ini/i18n-678d2accc237fa9079b9b3abc491748f.php]
[ Mar 24 2015 18:16:37 ] [/var/www/ezpublish/ezpublish_legacy/lib/ezutils/classes/../../../var/cache/ini/file-33c0d0b2750379ea6bbc0a7c3b47cab4.php]
[ Mar 24 2015 18:16:37 ] [/var/www/ezpublish/ezpublish_legacy/lib/ezutils/classes/../../../var/cache/ini/i18n-f7061ade0fe840d15a8c81f654b48eb1.php]
[ Mar 24 2015 18:16:37 ] [/var/www/ezpublish/ezpublish_legacy/lib/ezutils/classes/../../../var/cache/ini/debug-30b58d57277a91a861853a35747eb10e.php]
[ Mar 24 2015 18:16:37 ] [/var/www/ezpublish/ezpublish_legacy/lib/ezutils/classes/../../../var/cache/ini/site-a082433638016a310208ebcf834aef6e.php]
[ Mar 24 2015 18:16:37 ] [/var/www/ezpublish/ezpublish_legacy/lib/ezutils/classes/../../../var/cache/ini/site-71d47fba9b114f64e684d49dbdb0bedf.php]
[ Mar 24 2015 18:16:37 ] [/var/www/ezpublish/ezpublish_legacy/lib/ezutils/classes/../../../var/cache/ini/texttoimage-d9d38abf155f74e680f782195936e897.php]
[ Mar 24 2015 18:16:37 ] [/var/www/ezpublish/ezpublish_legacy/lib/ezutils/classes/../../../var/cache/ini/debug-2a3180e8113f8dda90c070721ddd76cc.php]
[ Mar 24 2015 18:16:37 ] [/var/www/ezpublish/ezpublish_legacy/lib/ezutils/classes/../../../var/cache/ini/file-ffd6c8bff973d95c7631616b383c8395.php]
[ Mar 24 2015 18:16:57 ] [/var/www/ezpublish/ezpublish_legacy/lib/ezutils/classes/../../../var/cache/ini/site-c1623af31c16fc3ffee5a05097e95dd6.php]
[ Mar 24 2015 18:16:57 ] [/var/www/ezpublish/ezpublish_legacy/lib/ezutils/classes/../../../var/cache/ini/i18n-678d2accc237fa9079b9b3abc491748f.php]
[ Mar 24 2015 18:16:57 ] [/var/www/ezpublish/ezpublish_legacy/lib/ezutils/classes/../../../var/cache/ini/file-33c0d0b2750379ea6bbc0a7c3b47cab4.php]
[ Mar 24 2015 18:16:57 ] [/var/www/ezpublish/ezpublish_legacy/lib/ezutils/classes/../../../var/cache/ini/i18n-f7061ade0fe840d15a8c81f654b48eb1.php]
[ Mar 24 2015 18:16:57 ] [/var/www/ezpublish/ezpublish_legacy/lib/ezutils/classes/../../../var/cache/ini/debug-30b58d57277a91a861853a35747eb10e.php]
[ Mar 24 2015 18:16:57 ] [var/cache//active_extensions_cc0d68df9fdbd60597361f3e50cd409d.php]
[ Mar 24 2015 18:16:57 ] [/var/www/ezpublish/ezpublish_legacy/lib/ezutils/classes/../../../var/cache/ini/site-a082433638016a310208ebcf834aef6e.php]
[ Mar 24 2015 18:16:57 ] [/var/www/ezpublish/ezpublish_legacy/lib/ezutils/classes/../../../var/cache/ini/site-71d47fba9b114f64e684d49dbdb0bedf.php]
[ Mar 24 2015 18:16:57 ] [/var/www/ezpublish/ezpublish_legacy/lib/ezutils/classes/../../../var/cache/ini/texttoimage-d9d38abf155f74e680f782195936e897.php]
[ Mar 24 2015 18:16:57 ] [/var/www/ezpublish/ezpublish_legacy/lib/ezutils/classes/../../../var/cache/ini/debug-2a3180e8113f8dda90c070721ddd76cc.php]
[ Mar 24 2015 18:16:57 ] [/var/www/ezpublish/ezpublish_legacy/lib/ezutils/classes/../../../var/cache/ini/file-ffd6c8bff973d95c7631616b383c8395.php]
[ Mar 24 2015 18:18:48 ] [/var/www/ezpublish/ezpublish_legacy/lib/ezutils/classes/../../../var/cache/ini/site-c1623af31c16fc3ffee5a05097e95dd6.php]
[ Mar 24 2015 18:18:48 ] [/var/www/ezpublish/ezpublish_legacy/lib/ezutils/classes/../../../var/cache/ini/i18n-678d2accc237fa9079b9b3abc491748f.php]
[ Mar 24 2015 18:18:48 ] [/var/www/ezpublish/ezpublish_legacy/lib/ezutils/classes/../../../var/cache/ini/i18n-f7061ade0fe840d15a8c81f654b48eb1.php]
[ Mar 24 2015 18:18:48 ] [/var/www/ezpublish/ezpublish_legacy/lib/ezutils/classes/../../../var/cache/ini/file-33c0d0b2750379ea6bbc0a7c3b47cab4.php]
[ Mar 24 2015 18:18:48 ] [/var/www/ezpublish/ezpublish_legacy/lib/ezutils/classes/../../../var/cache/ini/debug-30b58d57277a91a861853a35747eb10e.php]
[ Mar 24 2015 18:18:48 ] [/var/www/ezpublish/ezpublish_legacy/lib/ezutils/classes/../../../var/cache/ini/site-a082433638016a310208ebcf834aef6e.php]
[ Mar 24 2015 18:18:48 ] [/var/www/ezpublish/ezpublish_legacy/lib/ezutils/classes/../../../var/cache/ini/site-71d47fba9b114f64e684d49dbdb0bedf.php]
[ Mar 24 2015 18:18:48 ] [/var/www/ezpublish/ezpublish_legacy/lib/ezutils/classes/../../../var/cache/ini/template-d3ef755f8d8795058b27c384389367b0.php]
[ Mar 24 2015 18:18:49 ] [/var/www/ezpublish/ezpublish_legacy/lib/ezutils/classes/../../../var/cache/ini/module-33fafc1925ea90038c68239f18c8b3c1.php]
[ Mar 24 2015 18:18:49 ] [/var/www/ezpublish/ezpublish_legacy/lib/ezutils/classes/../../../var/cache/ini/debug-2a3180e8113f8dda90c070721ddd76cc.php]
[ Mar 24 2015 18:18:49 ] [/var/www/ezpublish/ezpublish_legacy/lib/ezutils/classes/../../../var/cache/ini/eng-GB-c74b63fef7db5b447cd1a64375102228.php]
[ Mar 24 2015 18:18:49 ] [var/ezdemo_site/cache/statelimitations_d1a0e3812cf9679cc4439513ba8e71cf.php]
[ Mar 24 2015 18:18:51 ] [/var/www/ezpublish/ezpublish_legacy/lib/ezutils/classes/../../../var/cache/ini/menu-68665737450e4549f4e2baf77499e949.php]
[ Mar 24 2015 18:18:56 ] [/var/www/ezpublish/ezpublish_legacy/lib/ezutils/classes/../../../var/cache/ini/content-bf404b7ba6bb73d0d9b005cc3299790e.php]
[ Mar 24 2015 18:18:57 ] [/var/www/ezpublish/ezpublish_legacy/lib/ezutils/classes/../../../var/cache/ini/workflow-f14181a6334859e7ba48ccaae61dc2a9.php]
[ Mar 24 2015 18:18:57 ] [/var/www/ezpublish/ezpublish_legacy/lib/ezutils/classes/../../../var/cache/ini/override-32f08899b5adb10238cd8ef8ae980528.php]
[ Mar 24 2015 18:18:57 ] [/var/www/ezpublish/ezpublish_legacy/lib/ezutils/classes/../../../var/cache/ini/design-3b5f739dcce26ef5d565075893adcda4.php]
[ Mar 24 2015 18:18:58 ] [var/ezdemo_site/cache/override/override_35e124409ff2c5d0c4b770341ccefe21.php]
[ Mar 24 2015 18:18:58 ] [var/ezdemo_site/cache/template/compiled/common.php]
[ Mar 24 2015 18:18:58 ] [var/ezdemo_site/cache/template/compiled/call_to_action-aa99b4d4b65c6f7959dad822c61c4df6.php]
[ Mar 24 2015 18:18:59 ] [/var/www/ezpublish/ezpublish_legacy/lib/ezutils/classes/../../../var/cache/ini/ezjscore-14d0575782c1f20363106c75d016ac2c.php]
[ Mar 24 2015 18:18:59 ] [var/ezdemo_site/cache/template/compiled/product-5fa7afd4a915e30f68f79f7c84078906.php]
[ Mar 24 2015 18:18:59 ] [var/ezdemo_site/cache/classidentifiers_d1a0e3812cf9679cc4439513ba8e71cf.php]
[ Mar 24 2015 18:18:59 ] [var/ezdemo_site/cache/template/compiled/ezimage-3f84e035780cf1eba304bef7262f5f5f.php]
[ Mar 24 2015 18:19:00 ] [/var/www/ezpublish/ezpublish_legacy/lib/ezutils/classes/../../../var/cache/ini/image-1917b602c35873e57d3a4897f9c57450.php]
[ Mar 24 2015 18:19:00 ] [/var/www/ezpublish/ezpublish_legacy/lib/ezutils/classes/../../../var/cache/ini/mime-c76ccb6a754a394a9b208909c0928ce4.php]
[ Mar 24 2015 18:19:01 ] [var/ezdemo_site/cache/template/compiled/tag_cloud-ab61837b3b121b219046875238344c72.php]
[ Mar 24 2015 18:19:01 ] [var/ezdemo_site/cache/template/compiled/tagcloud-43ced472daf405c6568340dff976d140.php]
[ Mar 24 2015 18:19:12 ] [/var/www/ezpublish/ezpublish_legacy/lib/ezutils/classes/../../../var/cache/ini/design-241416ef6100a0645abb5648935b7d6f.php]
[ Mar 24 2015 18:19:12 ] [/var/www/ezpublish/ezpublish_legacy/lib/ezutils/classes/../../../var/cache/ini/ezjscore-82d5abd97b867589958f749dad7145ec.php]
[ Mar 24 2015 18:19:12 ] [/var/www/ezpublish/ezpublish_legacy/lib/ezutils/classes/../../../var/cache/ini/image-b02a9f38ba5083acdc54d305e55481ce.php]
[ Mar 24 2015 18:19:21 ] [/var/www/ezpublish/ezpublish_legacy/lib/ezutils/classes/../../../var/cache/ini/mime-bcd84f7765630f229236d943e37039ab.php]
[ Mar 24 2015 18:31:44 ] [/var/www/ezpublish/ezpublish_legacy/lib/ezutils/classes/../../../var/cache/ini/error-fa9d7bde16482fc1d843dd3f4813c1db.php]
[ Mar 24 2015 18:31:45 ] [var/ezdemo_site/cache/template/compiled/20-5bbc5f34b5651c098c80521a89bf3f2b.php]
