[2015-03-24 16:44:04] app.NOTICE: Siteaccess not matched against configuration, returning default siteaccess. [] []
[2015-03-24 16:44:04] app.DEBUG: Router eZ\Bundle\EzPublishCoreBundle\Routing\DefaultRouter was not able to match, message "" [] []
[2015-03-24 16:44:04] app.DEBUG: Router eZ\Bundle\EzPublishCoreBundle\Routing\UrlAliasRouter was not able to match, message "Could not find 'UrlAlias' with identifier 'css/3c5fbcb.css'" [] []
[2015-03-24 16:44:04] request.INFO: Matched route "ez_legacy" (parameters: "_route": "ez_legacy", "_controller": "ezpublish_legacy.controller:indexAction", "module_uri": "/css/3c5fbcb.css?") [] []
[2015-03-24 16:44:05] app.DEBUG: Legacy kernel: Leaving '/var/www/ezpublish/web' for '/var/www/ezpublish/ezpublish/../ezpublish_legacy' [] []
[2015-03-24 16:44:05] app.DEBUG: Legacy kernel: Leaving '/var/www/ezpublish/ezpublish/../ezpublish_legacy' for '/var/www/ezpublish/web' [] []
[2015-03-24 16:44:06] request.CRITICAL: Uncaught PHP Exception Symfony\Component\Security\Core\Exception\AuthenticationCredentialsNotFoundException: "The security context contains no authentication token. One possible reason may be that there is no firewall configured for this URL." at /var/www/ezpublish/ezpublish/cache/prod/classes.php line 2649 {"exception":"[object] (Symfony\\Component\\Security\\Core\\Exception\\AuthenticationCredentialsNotFoundException: The security context contains no authentication token. One possible reason may be that there is no firewall configured for this URL. at /var/www/ezpublish/ezpublish/cache/prod/classes.php:2649)"} []
[2015-03-24 16:44:04] app.NOTICE: Siteaccess not matched against configuration, returning default siteaccess. [] []
[2015-03-24 16:44:04] app.DEBUG: Router eZ\Bundle\EzPublishCoreBundle\Routing\DefaultRouter was not able to match, message "" [] []
[2015-03-24 16:44:04] app.DEBUG: Router eZ\Bundle\EzPublishCoreBundle\Routing\UrlAliasRouter was not able to match, message "Could not find 'UrlAlias' with identifier 'js/2f63513.js'" [] []
[2015-03-24 16:44:04] request.INFO: Matched route "ez_legacy" (parameters: "_route": "ez_legacy", "_controller": "ezpublish_legacy.controller:indexAction", "module_uri": "/js/2f63513.js?") [] []
[2015-03-24 16:44:05] app.DEBUG: Legacy kernel: Leaving '/var/www/ezpublish/web' for '/var/www/ezpublish/ezpublish/../ezpublish_legacy' [] []
[2015-03-24 16:44:05] app.DEBUG: Legacy kernel: Leaving '/var/www/ezpublish/ezpublish/../ezpublish_legacy' for '/var/www/ezpublish/web' [] []
[2015-03-24 16:44:06] request.CRITICAL: Uncaught PHP Exception Symfony\Component\Security\Core\Exception\AuthenticationCredentialsNotFoundException: "The security context contains no authentication token. One possible reason may be that there is no firewall configured for this URL." at /var/www/ezpublish/ezpublish/cache/prod/classes.php line 2649 {"exception":"[object] (Symfony\\Component\\Security\\Core\\Exception\\AuthenticationCredentialsNotFoundException: The security context contains no authentication token. One possible reason may be that there is no firewall configured for this URL. at /var/www/ezpublish/ezpublish/cache/prod/classes.php:2649)"} []
[2015-03-24 16:44:13] app.NOTICE: Siteaccess not matched against configuration, returning default siteaccess. [] []
[2015-03-24 16:44:13] app.DEBUG: Router eZ\Bundle\EzPublishCoreBundle\Routing\DefaultRouter was not able to match, message "" [] []
[2015-03-24 16:44:13] app.DEBUG: Router eZ\Bundle\EzPublishCoreBundle\Routing\UrlAliasRouter was not able to match, message "Could not find 'UrlAlias' with identifier 'js/2f63513.js'" [] []
[2015-03-24 16:44:13] request.INFO: Matched route "ez_legacy" (parameters: "_route": "ez_legacy", "_controller": "ezpublish_legacy.controller:indexAction", "module_uri": "/js/2f63513.js?") [] []
[2015-03-24 16:44:13] app.DEBUG: Legacy kernel: Leaving '/var/www/ezpublish/web' for '/var/www/ezpublish/ezpublish/../ezpublish_legacy' [] []
[2015-03-24 16:44:13] app.DEBUG: Legacy kernel: Leaving '/var/www/ezpublish/ezpublish/../ezpublish_legacy' for '/var/www/ezpublish/web' [] []
[2015-03-24 16:44:13] request.CRITICAL: Uncaught PHP Exception Symfony\Component\Security\Core\Exception\AuthenticationCredentialsNotFoundException: "The security context contains no authentication token. One possible reason may be that there is no firewall configured for this URL." at /var/www/ezpublish/ezpublish/cache/prod/classes.php line 2649 {"exception":"[object] (Symfony\\Component\\Security\\Core\\Exception\\AuthenticationCredentialsNotFoundException: The security context contains no authentication token. One possible reason may be that there is no firewall configured for this URL. at /var/www/ezpublish/ezpublish/cache/prod/classes.php:2649)"} []
[2015-03-24 16:47:00] app.NOTICE: Siteaccess not matched against configuration, returning default siteaccess. [] []
[2015-03-24 16:47:00] app.DEBUG: Router eZ\Bundle\EzPublishCoreBundle\Routing\DefaultRouter was not able to match, message "" [] []
[2015-03-24 16:47:00] app.DEBUG: Router eZ\Bundle\EzPublishCoreBundle\Routing\UrlAliasRouter was not able to match, message "Could not find 'UrlAlias' with identifier 'css/3c5fbcb.css'" [] []
[2015-03-24 16:47:00] request.INFO: Matched route "ez_legacy" (parameters: "_route": "ez_legacy", "_controller": "ezpublish_legacy.controller:indexAction", "module_uri": "/css/3c5fbcb.css?") [] []
[2015-03-24 16:47:00] app.DEBUG: Legacy kernel: Leaving '/var/www/ezpublish/web' for '/var/www/ezpublish/ezpublish/../ezpublish_legacy' [] []
[2015-03-24 16:47:00] app.DEBUG: Legacy kernel: Leaving '/var/www/ezpublish/ezpublish/../ezpublish_legacy' for '/var/www/ezpublish/web' [] []
[2015-03-24 16:47:00] request.CRITICAL: Uncaught PHP Exception Symfony\Component\Security\Core\Exception\AuthenticationCredentialsNotFoundException: "The security context contains no authentication token. One possible reason may be that there is no firewall configured for this URL." at /var/www/ezpublish/ezpublish/cache/prod/classes.php line 2649 {"exception":"[object] (Symfony\\Component\\Security\\Core\\Exception\\AuthenticationCredentialsNotFoundException: The security context contains no authentication token. One possible reason may be that there is no firewall configured for this URL. at /var/www/ezpublish/ezpublish/cache/prod/classes.php:2649)"} []
[2015-03-24 16:47:00] app.NOTICE: Siteaccess not matched against configuration, returning default siteaccess. [] []
[2015-03-24 16:47:00] app.DEBUG: Router eZ\Bundle\EzPublishCoreBundle\Routing\DefaultRouter was not able to match, message "" [] []
[2015-03-24 16:47:00] app.DEBUG: Router eZ\Bundle\EzPublishCoreBundle\Routing\UrlAliasRouter was not able to match, message "Could not find 'UrlAlias' with identifier 'js/2f63513.js'" [] []
[2015-03-24 16:47:00] request.INFO: Matched route "ez_legacy" (parameters: "_route": "ez_legacy", "_controller": "ezpublish_legacy.controller:indexAction", "module_uri": "/js/2f63513.js?") [] []
[2015-03-24 16:47:00] app.DEBUG: Legacy kernel: Leaving '/var/www/ezpublish/web' for '/var/www/ezpublish/ezpublish/../ezpublish_legacy' [] []
[2015-03-24 16:47:00] app.DEBUG: Legacy kernel: Leaving '/var/www/ezpublish/ezpublish/../ezpublish_legacy' for '/var/www/ezpublish/web' [] []
[2015-03-24 16:47:00] request.CRITICAL: Uncaught PHP Exception Symfony\Component\Security\Core\Exception\AuthenticationCredentialsNotFoundException: "The security context contains no authentication token. One possible reason may be that there is no firewall configured for this URL." at /var/www/ezpublish/ezpublish/cache/prod/classes.php line 2649 {"exception":"[object] (Symfony\\Component\\Security\\Core\\Exception\\AuthenticationCredentialsNotFoundException: The security context contains no authentication token. One possible reason may be that there is no firewall configured for this URL. at /var/www/ezpublish/ezpublish/cache/prod/classes.php:2649)"} []
[2015-03-24 16:47:02] app.NOTICE: Siteaccess not matched against configuration, returning default siteaccess. [] []
[2015-03-24 16:47:02] app.DEBUG: Router eZ\Bundle\EzPublishCoreBundle\Routing\DefaultRouter was not able to match, message "" [] []
[2015-03-24 16:47:02] app.DEBUG: Router eZ\Bundle\EzPublishCoreBundle\Routing\UrlAliasRouter was not able to match, message "Could not find 'UrlAlias' with identifier 'js/2f63513.js'" [] []
[2015-03-24 16:47:02] request.INFO: Matched route "ez_legacy" (parameters: "_route": "ez_legacy", "_controller": "ezpublish_legacy.controller:indexAction", "module_uri": "/js/2f63513.js?") [] []
[2015-03-24 16:47:03] app.DEBUG: Legacy kernel: Leaving '/var/www/ezpublish/web' for '/var/www/ezpublish/ezpublish/../ezpublish_legacy' [] []
[2015-03-24 16:47:03] app.DEBUG: Legacy kernel: Leaving '/var/www/ezpublish/ezpublish/../ezpublish_legacy' for '/var/www/ezpublish/web' [] []
[2015-03-24 16:47:03] request.CRITICAL: Uncaught PHP Exception Symfony\Component\Security\Core\Exception\AuthenticationCredentialsNotFoundException: "The security context contains no authentication token. One possible reason may be that there is no firewall configured for this URL." at /var/www/ezpublish/ezpublish/cache/prod/classes.php line 2649 {"exception":"[object] (Symfony\\Component\\Security\\Core\\Exception\\AuthenticationCredentialsNotFoundException: The security context contains no authentication token. One possible reason may be that there is no firewall configured for this URL. at /var/www/ezpublish/ezpublish/cache/prod/classes.php:2649)"} []
[2015-03-24 16:47:02] app.NOTICE: Siteaccess not matched against configuration, returning default siteaccess. [] []
[2015-03-24 16:47:02] app.DEBUG: Router eZ\Bundle\EzPublishCoreBundle\Routing\DefaultRouter was not able to match, message "" [] []
[2015-03-24 16:47:02] app.DEBUG: Router eZ\Bundle\EzPublishCoreBundle\Routing\UrlAliasRouter was not able to match, message "Could not find 'UrlAlias' with identifier 'css/3c5fbcb.css'" [] []
[2015-03-24 16:47:02] request.INFO: Matched route "ez_legacy" (parameters: "_route": "ez_legacy", "_controller": "ezpublish_legacy.controller:indexAction", "module_uri": "/css/3c5fbcb.css?") [] []
[2015-03-24 16:47:03] app.DEBUG: Legacy kernel: Leaving '/var/www/ezpublish/web' for '/var/www/ezpublish/ezpublish/../ezpublish_legacy' [] []
[2015-03-24 16:47:03] app.DEBUG: Legacy kernel: Leaving '/var/www/ezpublish/ezpublish/../ezpublish_legacy' for '/var/www/ezpublish/web' [] []
[2015-03-24 16:47:03] request.CRITICAL: Uncaught PHP Exception Symfony\Component\Security\Core\Exception\AuthenticationCredentialsNotFoundException: "The security context contains no authentication token. One possible reason may be that there is no firewall configured for this URL." at /var/www/ezpublish/ezpublish/cache/prod/classes.php line 2649 {"exception":"[object] (Symfony\\Component\\Security\\Core\\Exception\\AuthenticationCredentialsNotFoundException: The security context contains no authentication token. One possible reason may be that there is no firewall configured for this URL. at /var/www/ezpublish/ezpublish/cache/prod/classes.php:2649)"} []
[2015-03-24 16:47:03] app.NOTICE: Siteaccess not matched against configuration, returning default siteaccess. [] []
[2015-03-24 16:47:03] app.DEBUG: Router eZ\Bundle\EzPublishCoreBundle\Routing\DefaultRouter was not able to match, message "" [] []
[2015-03-24 16:47:03] app.DEBUG: Router eZ\Bundle\EzPublishCoreBundle\Routing\UrlAliasRouter was not able to match, message "Could not find 'UrlAlias' with identifier 'js/2f63513.js'" [] []
[2015-03-24 16:47:03] request.INFO: Matched route "ez_legacy" (parameters: "_route": "ez_legacy", "_controller": "ezpublish_legacy.controller:indexAction", "module_uri": "/js/2f63513.js?") [] []
[2015-03-24 16:47:03] app.DEBUG: Legacy kernel: Leaving '/var/www/ezpublish/web' for '/var/www/ezpublish/ezpublish/../ezpublish_legacy' [] []
[2015-03-24 16:47:03] app.DEBUG: Legacy kernel: Leaving '/var/www/ezpublish/ezpublish/../ezpublish_legacy' for '/var/www/ezpublish/web' [] []
[2015-03-24 16:47:03] request.CRITICAL: Uncaught PHP Exception Symfony\Component\Security\Core\Exception\AuthenticationCredentialsNotFoundException: "The security context contains no authentication token. One possible reason may be that there is no firewall configured for this URL." at /var/www/ezpublish/ezpublish/cache/prod/classes.php line 2649 {"exception":"[object] (Symfony\\Component\\Security\\Core\\Exception\\AuthenticationCredentialsNotFoundException: The security context contains no authentication token. One possible reason may be that there is no firewall configured for this URL. at /var/www/ezpublish/ezpublish/cache/prod/classes.php:2649)"} []
[2015-03-24 16:47:05] app.NOTICE: Siteaccess not matched against configuration, returning default siteaccess. [] []
[2015-03-24 16:47:05] app.DEBUG: Router eZ\Bundle\EzPublishCoreBundle\Routing\DefaultRouter was not able to match, message "" [] []
[2015-03-24 16:47:05] app.DEBUG: Router eZ\Bundle\EzPublishCoreBundle\Routing\UrlAliasRouter was not able to match, message "Could not find 'UrlAlias' with identifier 'js/2f63513.js'" [] []
[2015-03-24 16:47:05] request.INFO: Matched route "ez_legacy" (parameters: "_route": "ez_legacy", "_controller": "ezpublish_legacy.controller:indexAction", "module_uri": "/js/2f63513.js?") [] []
[2015-03-24 16:47:05] app.DEBUG: Legacy kernel: Leaving '/var/www/ezpublish/web' for '/var/www/ezpublish/ezpublish/../ezpublish_legacy' [] []
[2015-03-24 16:47:05] app.DEBUG: Legacy kernel: Leaving '/var/www/ezpublish/ezpublish/../ezpublish_legacy' for '/var/www/ezpublish/web' [] []
[2015-03-24 16:47:05] request.CRITICAL: Uncaught PHP Exception Symfony\Component\Security\Core\Exception\AuthenticationCredentialsNotFoundException: "The security context contains no authentication token. One possible reason may be that there is no firewall configured for this URL." at /var/www/ezpublish/ezpublish/cache/prod/classes.php line 2649 {"exception":"[object] (Symfony\\Component\\Security\\Core\\Exception\\AuthenticationCredentialsNotFoundException: The security context contains no authentication token. One possible reason may be that there is no firewall configured for this URL. at /var/www/ezpublish/ezpublish/cache/prod/classes.php:2649)"} []
[2015-03-24 16:47:05] app.NOTICE: Siteaccess not matched against configuration, returning default siteaccess. [] []
[2015-03-24 16:47:05] app.DEBUG: Router eZ\Bundle\EzPublishCoreBundle\Routing\DefaultRouter was not able to match, message "" [] []
[2015-03-24 16:47:05] app.DEBUG: Router eZ\Bundle\EzPublishCoreBundle\Routing\UrlAliasRouter was not able to match, message "Could not find 'UrlAlias' with identifier 'css/3c5fbcb.css'" [] []
[2015-03-24 16:47:05] request.INFO: Matched route "ez_legacy" (parameters: "_route": "ez_legacy", "_controller": "ezpublish_legacy.controller:indexAction", "module_uri": "/css/3c5fbcb.css?") [] []
[2015-03-24 16:47:05] app.DEBUG: Legacy kernel: Leaving '/var/www/ezpublish/web' for '/var/www/ezpublish/ezpublish/../ezpublish_legacy' [] []
[2015-03-24 16:47:05] app.DEBUG: Legacy kernel: Leaving '/var/www/ezpublish/ezpublish/../ezpublish_legacy' for '/var/www/ezpublish/web' [] []
[2015-03-24 16:47:05] request.CRITICAL: Uncaught PHP Exception Symfony\Component\Security\Core\Exception\AuthenticationCredentialsNotFoundException: "The security context contains no authentication token. One possible reason may be that there is no firewall configured for this URL." at /var/www/ezpublish/ezpublish/cache/prod/classes.php line 2649 {"exception":"[object] (Symfony\\Component\\Security\\Core\\Exception\\AuthenticationCredentialsNotFoundException: The security context contains no authentication token. One possible reason may be that there is no firewall configured for this URL. at /var/www/ezpublish/ezpublish/cache/prod/classes.php:2649)"} []
[2015-03-24 16:47:06] app.NOTICE: Siteaccess not matched against configuration, returning default siteaccess. [] []
[2015-03-24 16:47:06] app.DEBUG: Router eZ\Bundle\EzPublishCoreBundle\Routing\DefaultRouter was not able to match, message "" [] []
[2015-03-24 16:47:06] app.DEBUG: Router eZ\Bundle\EzPublishCoreBundle\Routing\UrlAliasRouter was not able to match, message "Could not find 'UrlAlias' with identifier 'js/2f63513.js'" [] []
[2015-03-24 16:47:06] request.INFO: Matched route "ez_legacy" (parameters: "_route": "ez_legacy", "_controller": "ezpublish_legacy.controller:indexAction", "module_uri": "/js/2f63513.js?") [] []
[2015-03-24 16:47:06] app.DEBUG: Legacy kernel: Leaving '/var/www/ezpublish/web' for '/var/www/ezpublish/ezpublish/../ezpublish_legacy' [] []
[2015-03-24 16:47:06] app.DEBUG: Legacy kernel: Leaving '/var/www/ezpublish/ezpublish/../ezpublish_legacy' for '/var/www/ezpublish/web' [] []
[2015-03-24 16:47:06] request.CRITICAL: Uncaught PHP Exception Symfony\Component\Security\Core\Exception\AuthenticationCredentialsNotFoundException: "The security context contains no authentication token. One possible reason may be that there is no firewall configured for this URL." at /var/www/ezpublish/ezpublish/cache/prod/classes.php line 2649 {"exception":"[object] (Symfony\\Component\\Security\\Core\\Exception\\AuthenticationCredentialsNotFoundException: The security context contains no authentication token. One possible reason may be that there is no firewall configured for this URL. at /var/www/ezpublish/ezpublish/cache/prod/classes.php:2649)"} []
[2015-03-24 16:51:08] app.NOTICE: Siteaccess not matched against configuration, returning default siteaccess. [] []
[2015-03-24 16:51:08] app.DEBUG: Router eZ\Bundle\EzPublishCoreBundle\Routing\DefaultRouter was not able to match, message "" [] []
[2015-03-24 16:51:08] app.DEBUG: Router eZ\Bundle\EzPublishCoreBundle\Routing\UrlAliasRouter was not able to match, message "Could not find 'UrlAlias' with identifier 'js/2f63513.js'" [] []
[2015-03-24 16:51:08] request.INFO: Matched route "ez_legacy" (parameters: "_route": "ez_legacy", "_controller": "ezpublish_legacy.controller:indexAction", "module_uri": "/js/2f63513.js?") [] []
[2015-03-24 16:51:08] app.DEBUG: Legacy kernel: Leaving '/var/www/ezpublish/web' for '/var/www/ezpublish/ezpublish/../ezpublish_legacy' [] []
[2015-03-24 16:51:08] app.DEBUG: Legacy kernel: Leaving '/var/www/ezpublish/ezpublish/../ezpublish_legacy' for '/var/www/ezpublish/web' [] []
[2015-03-24 16:51:08] request.CRITICAL: Uncaught PHP Exception Symfony\Component\Security\Core\Exception\AuthenticationCredentialsNotFoundException: "The security context contains no authentication token. One possible reason may be that there is no firewall configured for this URL." at /var/www/ezpublish/ezpublish/cache/prod/classes.php line 2649 {"exception":"[object] (Symfony\\Component\\Security\\Core\\Exception\\AuthenticationCredentialsNotFoundException: The security context contains no authentication token. One possible reason may be that there is no firewall configured for this URL. at /var/www/ezpublish/ezpublish/cache/prod/classes.php:2649)"} []
[2015-03-24 16:51:08] app.NOTICE: Siteaccess not matched against configuration, returning default siteaccess. [] []
[2015-03-24 16:51:08] app.DEBUG: Router eZ\Bundle\EzPublishCoreBundle\Routing\DefaultRouter was not able to match, message "" [] []
[2015-03-24 16:51:08] app.DEBUG: Router eZ\Bundle\EzPublishCoreBundle\Routing\UrlAliasRouter was not able to match, message "Could not find 'UrlAlias' with identifier 'css/3c5fbcb.css'" [] []
[2015-03-24 16:51:08] request.INFO: Matched route "ez_legacy" (parameters: "_route": "ez_legacy", "_controller": "ezpublish_legacy.controller:indexAction", "module_uri": "/css/3c5fbcb.css?") [] []
[2015-03-24 16:51:08] app.DEBUG: Legacy kernel: Leaving '/var/www/ezpublish/web' for '/var/www/ezpublish/ezpublish/../ezpublish_legacy' [] []
[2015-03-24 16:51:08] app.DEBUG: Legacy kernel: Leaving '/var/www/ezpublish/ezpublish/../ezpublish_legacy' for '/var/www/ezpublish/web' [] []
[2015-03-24 16:51:08] request.CRITICAL: Uncaught PHP Exception Symfony\Component\Security\Core\Exception\AuthenticationCredentialsNotFoundException: "The security context contains no authentication token. One possible reason may be that there is no firewall configured for this URL." at /var/www/ezpublish/ezpublish/cache/prod/classes.php line 2649 {"exception":"[object] (Symfony\\Component\\Security\\Core\\Exception\\AuthenticationCredentialsNotFoundException: The security context contains no authentication token. One possible reason may be that there is no firewall configured for this URL. at /var/www/ezpublish/ezpublish/cache/prod/classes.php:2649)"} []
[2015-03-24 16:51:08] app.NOTICE: Siteaccess not matched against configuration, returning default siteaccess. [] []
[2015-03-24 16:51:08] app.DEBUG: Router eZ\Bundle\EzPublishCoreBundle\Routing\DefaultRouter was not able to match, message "" [] []
[2015-03-24 16:51:08] app.DEBUG: Router eZ\Bundle\EzPublishCoreBundle\Routing\UrlAliasRouter was not able to match, message "Could not find 'UrlAlias' with identifier 'js/2f63513.js'" [] []
[2015-03-24 16:51:08] request.INFO: Matched route "ez_legacy" (parameters: "_route": "ez_legacy", "_controller": "ezpublish_legacy.controller:indexAction", "module_uri": "/js/2f63513.js?") [] []
[2015-03-24 16:51:09] app.DEBUG: Legacy kernel: Leaving '/var/www/ezpublish/web' for '/var/www/ezpublish/ezpublish/../ezpublish_legacy' [] []
[2015-03-24 16:51:09] app.DEBUG: Legacy kernel: Leaving '/var/www/ezpublish/ezpublish/../ezpublish_legacy' for '/var/www/ezpublish/web' [] []
[2015-03-24 16:51:09] request.CRITICAL: Uncaught PHP Exception Symfony\Component\Security\Core\Exception\AuthenticationCredentialsNotFoundException: "The security context contains no authentication token. One possible reason may be that there is no firewall configured for this URL." at /var/www/ezpublish/ezpublish/cache/prod/classes.php line 2649 {"exception":"[object] (Symfony\\Component\\Security\\Core\\Exception\\AuthenticationCredentialsNotFoundException: The security context contains no authentication token. One possible reason may be that there is no firewall configured for this URL. at /var/www/ezpublish/ezpublish/cache/prod/classes.php:2649)"} []
[2015-03-24 16:51:17] app.NOTICE: Siteaccess not matched against configuration, returning default siteaccess. [] []
[2015-03-24 16:51:17] app.DEBUG: Router eZ\Bundle\EzPublishCoreBundle\Routing\DefaultRouter was not able to match, message "" [] []
[2015-03-24 16:51:17] app.DEBUG: Router eZ\Bundle\EzPublishCoreBundle\Routing\UrlAliasRouter was not able to match, message "Could not find 'UrlAlias' with identifier 'css/3c5fbcb.css'" [] []
[2015-03-24 16:51:17] request.INFO: Matched route "ez_legacy" (parameters: "_route": "ez_legacy", "_controller": "ezpublish_legacy.controller:indexAction", "module_uri": "/css/3c5fbcb.css?") [] []
[2015-03-24 16:51:17] app.DEBUG: Legacy kernel: Leaving '/var/www/ezpublish/web' for '/var/www/ezpublish/ezpublish/../ezpublish_legacy' [] []
[2015-03-24 16:51:17] app.DEBUG: Legacy kernel: Leaving '/var/www/ezpublish/ezpublish/../ezpublish_legacy' for '/var/www/ezpublish/web' [] []
[2015-03-24 16:51:17] request.CRITICAL: Uncaught PHP Exception Symfony\Component\Security\Core\Exception\AuthenticationCredentialsNotFoundException: "The security context contains no authentication token. One possible reason may be that there is no firewall configured for this URL." at /var/www/ezpublish/ezpublish/cache/prod/classes.php line 2649 {"exception":"[object] (Symfony\\Component\\Security\\Core\\Exception\\AuthenticationCredentialsNotFoundException: The security context contains no authentication token. One possible reason may be that there is no firewall configured for this URL. at /var/www/ezpublish/ezpublish/cache/prod/classes.php:2649)"} []
[2015-03-24 16:51:17] app.NOTICE: Siteaccess not matched against configuration, returning default siteaccess. [] []
[2015-03-24 16:51:17] app.DEBUG: Router eZ\Bundle\EzPublishCoreBundle\Routing\DefaultRouter was not able to match, message "" [] []
[2015-03-24 16:51:17] app.DEBUG: Router eZ\Bundle\EzPublishCoreBundle\Routing\UrlAliasRouter was not able to match, message "Could not find 'UrlAlias' with identifier 'js/2f63513.js'" [] []
[2015-03-24 16:51:17] request.INFO: Matched route "ez_legacy" (parameters: "_route": "ez_legacy", "_controller": "ezpublish_legacy.controller:indexAction", "module_uri": "/js/2f63513.js?") [] []
[2015-03-24 16:51:17] app.DEBUG: Legacy kernel: Leaving '/var/www/ezpublish/web' for '/var/www/ezpublish/ezpublish/../ezpublish_legacy' [] []
[2015-03-24 16:51:17] app.DEBUG: Legacy kernel: Leaving '/var/www/ezpublish/ezpublish/../ezpublish_legacy' for '/var/www/ezpublish/web' [] []
[2015-03-24 16:51:18] request.CRITICAL: Uncaught PHP Exception Symfony\Component\Security\Core\Exception\AuthenticationCredentialsNotFoundException: "The security context contains no authentication token. One possible reason may be that there is no firewall configured for this URL." at /var/www/ezpublish/ezpublish/cache/prod/classes.php line 2649 {"exception":"[object] (Symfony\\Component\\Security\\Core\\Exception\\AuthenticationCredentialsNotFoundException: The security context contains no authentication token. One possible reason may be that there is no firewall configured for this URL. at /var/www/ezpublish/ezpublish/cache/prod/classes.php:2649)"} []
[2015-03-24 16:51:21] app.NOTICE: Siteaccess not matched against configuration, returning default siteaccess. [] []
[2015-03-24 16:51:21] app.DEBUG: Router eZ\Bundle\EzPublishCoreBundle\Routing\DefaultRouter was not able to match, message "" [] []
[2015-03-24 16:51:21] app.DEBUG: Router eZ\Bundle\EzPublishCoreBundle\Routing\UrlAliasRouter was not able to match, message "Could not find 'UrlAlias' with identifier 'css/3c5fbcb.css'" [] []
[2015-03-24 16:51:21] request.INFO: Matched route "ez_legacy" (parameters: "_route": "ez_legacy", "_controller": "ezpublish_legacy.controller:indexAction", "module_uri": "/css/3c5fbcb.css?") [] []
[2015-03-24 16:51:21] app.DEBUG: Legacy kernel: Leaving '/var/www/ezpublish/web' for '/var/www/ezpublish/ezpublish/../ezpublish_legacy' [] []
[2015-03-24 16:51:21] app.DEBUG: Legacy kernel: Leaving '/var/www/ezpublish/ezpublish/../ezpublish_legacy' for '/var/www/ezpublish/web' [] []
[2015-03-24 16:51:21] request.CRITICAL: Uncaught PHP Exception Symfony\Component\Security\Core\Exception\AuthenticationCredentialsNotFoundException: "The security context contains no authentication token. One possible reason may be that there is no firewall configured for this URL." at /var/www/ezpublish/ezpublish/cache/prod/classes.php line 2649 {"exception":"[object] (Symfony\\Component\\Security\\Core\\Exception\\AuthenticationCredentialsNotFoundException: The security context contains no authentication token. One possible reason may be that there is no firewall configured for this URL. at /var/www/ezpublish/ezpublish/cache/prod/classes.php:2649)"} []
[2015-03-24 16:51:21] app.NOTICE: Siteaccess not matched against configuration, returning default siteaccess. [] []
[2015-03-24 16:51:21] app.DEBUG: Router eZ\Bundle\EzPublishCoreBundle\Routing\DefaultRouter was not able to match, message "" [] []
[2015-03-24 16:51:21] app.DEBUG: Router eZ\Bundle\EzPublishCoreBundle\Routing\UrlAliasRouter was not able to match, message "Could not find 'UrlAlias' with identifier 'js/2f63513.js'" [] []
[2015-03-24 16:51:21] request.INFO: Matched route "ez_legacy" (parameters: "_route": "ez_legacy", "_controller": "ezpublish_legacy.controller:indexAction", "module_uri": "/js/2f63513.js?") [] []
[2015-03-24 16:51:21] app.DEBUG: Legacy kernel: Leaving '/var/www/ezpublish/web' for '/var/www/ezpublish/ezpublish/../ezpublish_legacy' [] []
[2015-03-24 16:51:21] app.DEBUG: Legacy kernel: Leaving '/var/www/ezpublish/ezpublish/../ezpublish_legacy' for '/var/www/ezpublish/web' [] []
[2015-03-24 16:51:21] request.CRITICAL: Uncaught PHP Exception Symfony\Component\Security\Core\Exception\AuthenticationCredentialsNotFoundException: "The security context contains no authentication token. One possible reason may be that there is no firewall configured for this URL." at /var/www/ezpublish/ezpublish/cache/prod/classes.php line 2649 {"exception":"[object] (Symfony\\Component\\Security\\Core\\Exception\\AuthenticationCredentialsNotFoundException: The security context contains no authentication token. One possible reason may be that there is no firewall configured for this URL. at /var/www/ezpublish/ezpublish/cache/prod/classes.php:2649)"} []
[2015-03-24 16:51:30] app.NOTICE: Siteaccess not matched against configuration, returning default siteaccess. [] []
[2015-03-24 16:51:30] app.DEBUG: Router eZ\Bundle\EzPublishCoreBundle\Routing\DefaultRouter was not able to match, message "" [] []
[2015-03-24 16:51:30] app.DEBUG: Router eZ\Bundle\EzPublishCoreBundle\Routing\UrlAliasRouter was not able to match, message "Could not find 'UrlAlias' with identifier 'js/2f63513.js'" [] []
[2015-03-24 16:51:30] request.INFO: Matched route "ez_legacy" (parameters: "_route": "ez_legacy", "_controller": "ezpublish_legacy.controller:indexAction", "module_uri": "/js/2f63513.js?") [] []
[2015-03-24 16:51:30] app.DEBUG: Legacy kernel: Leaving '/var/www/ezpublish/web' for '/var/www/ezpublish/ezpublish/../ezpublish_legacy' [] []
[2015-03-24 16:51:30] app.DEBUG: Legacy kernel: Leaving '/var/www/ezpublish/ezpublish/../ezpublish_legacy' for '/var/www/ezpublish/web' [] []
[2015-03-24 16:51:30] request.CRITICAL: Uncaught PHP Exception Symfony\Component\Security\Core\Exception\AuthenticationCredentialsNotFoundException: "The security context contains no authentication token. One possible reason may be that there is no firewall configured for this URL." at /var/www/ezpublish/ezpublish/cache/prod/classes.php line 2649 {"exception":"[object] (Symfony\\Component\\Security\\Core\\Exception\\AuthenticationCredentialsNotFoundException: The security context contains no authentication token. One possible reason may be that there is no firewall configured for this URL. at /var/www/ezpublish/ezpublish/cache/prod/classes.php:2649)"} []
[2015-03-24 16:51:30] app.NOTICE: Siteaccess not matched against configuration, returning default siteaccess. [] []
[2015-03-24 16:51:30] app.DEBUG: Router eZ\Bundle\EzPublishCoreBundle\Routing\DefaultRouter was not able to match, message "" [] []
[2015-03-24 16:51:30] app.DEBUG: Router eZ\Bundle\EzPublishCoreBundle\Routing\UrlAliasRouter was not able to match, message "Could not find 'UrlAlias' with identifier 'css/3c5fbcb.css'" [] []
[2015-03-24 16:51:30] request.INFO: Matched route "ez_legacy" (parameters: "_route": "ez_legacy", "_controller": "ezpublish_legacy.controller:indexAction", "module_uri": "/css/3c5fbcb.css?") [] []
[2015-03-24 16:51:30] app.DEBUG: Legacy kernel: Leaving '/var/www/ezpublish/web' for '/var/www/ezpublish/ezpublish/../ezpublish_legacy' [] []
[2015-03-24 16:51:30] app.DEBUG: Legacy kernel: Leaving '/var/www/ezpublish/ezpublish/../ezpublish_legacy' for '/var/www/ezpublish/web' [] []
[2015-03-24 16:51:30] request.CRITICAL: Uncaught PHP Exception Symfony\Component\Security\Core\Exception\AuthenticationCredentialsNotFoundException: "The security context contains no authentication token. One possible reason may be that there is no firewall configured for this URL." at /var/www/ezpublish/ezpublish/cache/prod/classes.php line 2649 {"exception":"[object] (Symfony\\Component\\Security\\Core\\Exception\\AuthenticationCredentialsNotFoundException: The security context contains no authentication token. One possible reason may be that there is no firewall configured for this URL. at /var/www/ezpublish/ezpublish/cache/prod/classes.php:2649)"} []
